2023-11-22 19:48:09,977 INFO o.h.v.i.u.Version [background-preinit] HV000001: Hibernate Validator 8.0.1.Final
2023-11-22 19:48:10,056 INFO o.s.b.StartupInfoLogger [main] Starting BinarfudBackendApplication using Java 17.0.5 with PID 2272 (D:\Projects\BinarFud\binarfud-backend\target\classes started by WIN-10 in D:\Projects\BinarFud\binarfud-backend)
2023-11-22 19:48:10,060 INFO o.s.b.SpringApplication [main] The following 1 profile is active: "dev"
2023-11-22 19:48:12,055 INFO o.s.d.r.c.RepositoryConfigurationDelegate [main] Bootstrapping Spring Data JPA repositories in DEFAULT mode.
2023-11-22 19:48:12,167 INFO o.s.d.r.c.RepositoryConfigurationDelegate [main] Finished Spring Data repository scanning in 100 ms. Found 5 JPA repository interfaces.
2023-11-22 19:48:13,297 INFO o.s.b.w.e.t.TomcatWebServer [main] Tomcat initialized with port(s): 8080 (http)
2023-11-22 19:48:13,319 INFO o.a.j.l.DirectJDKLog [main] Initializing ProtocolHandler ["http-nio-8080"]
2023-11-22 19:48:13,326 INFO o.a.j.l.DirectJDKLog [main] Starting service [Tomcat]
2023-11-22 19:48:13,326 INFO o.a.j.l.DirectJDKLog [main] Starting Servlet engine: [Apache Tomcat/10.1.13]
2023-11-22 19:48:13,568 INFO o.a.j.l.DirectJDKLog [main] Initializing Spring embedded WebApplicationContext
2023-11-22 19:48:13,570 INFO o.s.b.w.s.c.ServletWebServerApplicationContext [main] Root WebApplicationContext: initialization completed in 3417 ms
2023-11-22 19:48:13,995 INFO o.h.j.i.u.LogHelper [main] HHH000204: Processing PersistenceUnitInfo [name: default]
2023-11-22 19:48:14,144 INFO o.h.Version [main] HHH000412: Hibernate ORM core version 6.2.9.Final
2023-11-22 19:48:14,149 INFO o.h.c.Environment [main] HHH000406: Using bytecode reflection optimizer
2023-11-22 19:48:14,480 INFO o.h.b.i.BytecodeProviderInitiator [main] HHH000021: Bytecode provider name : bytebuddy
2023-11-22 19:48:14,737 INFO o.s.o.j.p.SpringPersistenceUnitInfo [main] No LoadTimeWeaver setup: ignoring JPA class transformer
2023-11-22 19:48:14,768 INFO c.z.h.HikariDataSource [main] HikariPool-1 - Starting...
2023-11-22 19:48:15,090 INFO c.z.h.p.HikariPool [main] HikariPool-1 - Added connection org.postgresql.jdbc.PgConnection@438aaa9f
2023-11-22 19:48:15,093 INFO c.z.h.HikariDataSource [main] HikariPool-1 - Start completed.
2023-11-22 19:48:15,681 INFO o.h.b.i.BytecodeProviderInitiator [main] HHH000021: Bytecode provider name : bytebuddy
2023-11-22 19:48:17,045 INFO o.h.e.t.j.p.i.JtaPlatformInitiator [main] HHH000490: Using JtaPlatform implementation: [org.hibernate.engine.transaction.jta.platform.internal.NoJtaPlatform]
2023-11-22 19:48:17,398 WARN o.h.e.j.s.SqlExceptionHelper$StandardWarningHandler [main] SQL Warning Code: 0, SQLState: 00000
2023-11-22 19:48:17,399 WARN o.h.e.j.s.SqlExceptionHelper$StandardWarningHandler [main] constraint "uk_h9v6fyuu5mnk7p3qtlpta2947" of relation "merchants" does not exist, skipping
2023-11-22 19:48:17,411 WARN o.h.e.j.s.SqlExceptionHelper$StandardWarningHandler [main] SQL Warning Code: 0, SQLState: 00000
2023-11-22 19:48:17,411 WARN o.h.e.j.s.SqlExceptionHelper$StandardWarningHandler [main] constraint "uk_6dotkott2kjsp8vw4d0m25fb7" of relation "users" does not exist, skipping
2023-11-22 19:48:17,544 INFO o.s.o.j.AbstractEntityManagerFactoryBean [main] Initialized JPA EntityManagerFactory for persistence unit 'default'
2023-11-22 19:48:18,638 INFO o.s.d.j.r.q.QueryEnhancerFactory [main] Hibernate is in classpath; If applicable, HQL parser will be used.
2023-11-22 19:48:18,954 WARN o.s.b.a.o.j.JpaBaseConfiguration$JpaWebConfiguration [main] spring.jpa.open-in-view is enabled by default. Therefore, database queries may be performed during view rendering. Explicitly configure spring.jpa.open-in-view to disable this warning
2023-11-22 19:48:19,654 INFO o.s.s.w.DefaultSecurityFilterChain [main] Will secure any request with [org.springframework.security.web.session.DisableEncodeUrlFilter@6700374f, org.springframework.security.web.context.request.async.WebAsyncManagerIntegrationFilter@63024843, org.springframework.security.web.context.SecurityContextHolderFilter@14b0b7f9, org.springframework.security.web.header.HeaderWriterFilter@5dabe7c8, org.springframework.security.web.csrf.CsrfFilter@7bb4f09d, org.springframework.security.web.authentication.logout.LogoutFilter@5b9ca528, com.binarfud.backend.security.JwtAuthenticationFilter@62ba3045, org.springframework.security.web.savedrequest.RequestCacheAwareFilter@69860811, org.springframework.security.web.servletapi.SecurityContextHolderAwareRequestFilter@58ec3e8b, org.springframework.security.web.authentication.AnonymousAuthenticationFilter@53ce27fa, org.springframework.security.web.access.ExceptionTranslationFilter@4733662d, org.springframework.security.web.access.intercept.AuthorizationFilter@71eead09]
2023-11-22 19:48:20,108 INFO o.a.j.l.DirectJDKLog [main] Starting ProtocolHandler ["http-nio-8080"]
2023-11-22 19:48:20,146 INFO o.s.b.w.e.t.TomcatWebServer [main] Tomcat started on port(s): 8080 (http) with context path ''
2023-11-22 19:48:20,164 INFO o.s.b.StartupInfoLogger [main] Started BinarfudBackendApplication in 11.209 seconds (process running for 11.861)
2023-11-22 19:48:37,215 INFO o.s.o.j.AbstractEntityManagerFactoryBean [SpringApplicationShutdownHook] Closing JPA EntityManagerFactory for persistence unit 'default'
2023-11-22 19:48:37,217 INFO c.z.h.HikariDataSource [SpringApplicationShutdownHook] HikariPool-1 - Shutdown initiated...
2023-11-22 19:48:37,221 INFO c.z.h.HikariDataSource [SpringApplicationShutdownHook] HikariPool-1 - Shutdown completed.
2023-11-22 19:55:08,912 INFO o.h.v.i.u.Version [background-preinit] HV000001: Hibernate Validator 8.0.1.Final
2023-11-22 19:55:09,002 INFO o.s.b.StartupInfoLogger [main] Starting BinarfudBackendApplication using Java 17.0.5 with PID 9672 (D:\Projects\BinarFud\binarfud-backend\target\classes started by WIN-10 in D:\Projects\BinarFud\binarfud-backend)
2023-11-22 19:55:09,005 INFO o.s.b.SpringApplication [main] The following 1 profile is active: "dev"
2023-11-22 19:55:10,197 INFO o.s.d.r.c.RepositoryConfigurationDelegate [main] Bootstrapping Spring Data JPA repositories in DEFAULT mode.
2023-11-22 19:55:10,321 INFO o.s.d.r.c.RepositoryConfigurationDelegate [main] Finished Spring Data repository scanning in 113 ms. Found 5 JPA repository interfaces.
2023-11-22 19:55:11,292 INFO o.s.b.w.e.t.TomcatWebServer [main] Tomcat initialized with port(s): 8080 (http)
2023-11-22 19:55:11,302 INFO o.a.j.l.DirectJDKLog [main] Initializing ProtocolHandler ["http-nio-8080"]
2023-11-22 19:55:11,307 INFO o.a.j.l.DirectJDKLog [main] Starting service [Tomcat]
2023-11-22 19:55:11,308 INFO o.a.j.l.DirectJDKLog [main] Starting Servlet engine: [Apache Tomcat/10.1.13]
2023-11-22 19:55:11,451 INFO o.a.j.l.DirectJDKLog [main] Initializing Spring embedded WebApplicationContext
2023-11-22 19:55:11,453 INFO o.s.b.w.s.c.ServletWebServerApplicationContext [main] Root WebApplicationContext: initialization completed in 2351 ms
2023-11-22 19:55:11,622 INFO o.h.j.i.u.LogHelper [main] HHH000204: Processing PersistenceUnitInfo [name: default]
2023-11-22 19:55:11,754 INFO o.h.Version [main] HHH000412: Hibernate ORM core version 6.2.9.Final
2023-11-22 19:55:11,757 INFO o.h.c.Environment [main] HHH000406: Using bytecode reflection optimizer
2023-11-22 19:55:11,940 INFO o.h.b.i.BytecodeProviderInitiator [main] HHH000021: Bytecode provider name : bytebuddy
2023-11-22 19:55:12,145 INFO o.s.o.j.p.SpringPersistenceUnitInfo [main] No LoadTimeWeaver setup: ignoring JPA class transformer
2023-11-22 19:55:12,169 INFO c.z.h.HikariDataSource [main] HikariPool-1 - Starting...
2023-11-22 19:55:12,441 INFO c.z.h.p.HikariPool [main] HikariPool-1 - Added connection org.postgresql.jdbc.PgConnection@75dd0f94
2023-11-22 19:55:12,444 INFO c.z.h.HikariDataSource [main] HikariPool-1 - Start completed.
2023-11-22 19:55:12,881 INFO o.h.b.i.BytecodeProviderInitiator [main] HHH000021: Bytecode provider name : bytebuddy
2023-11-22 19:55:14,227 INFO o.h.e.t.j.p.i.JtaPlatformInitiator [main] HHH000490: Using JtaPlatform implementation: [org.hibernate.engine.transaction.jta.platform.internal.NoJtaPlatform]
2023-11-22 19:55:14,455 INFO o.s.o.j.AbstractEntityManagerFactoryBean [main] Initialized JPA EntityManagerFactory for persistence unit 'default'
2023-11-22 19:55:15,091 INFO o.s.d.j.r.q.QueryEnhancerFactory [main] Hibernate is in classpath; If applicable, HQL parser will be used.
2023-11-22 19:55:15,281 WARN o.s.b.a.o.j.JpaBaseConfiguration$JpaWebConfiguration [main] spring.jpa.open-in-view is enabled by default. Therefore, database queries may be performed during view rendering. Explicitly configure spring.jpa.open-in-view to disable this warning
2023-11-22 19:55:15,644 INFO o.s.s.w.DefaultSecurityFilterChain [main] Will secure any request with [org.springframework.security.web.session.DisableEncodeUrlFilter@6e4ac3f5, org.springframework.security.web.context.request.async.WebAsyncManagerIntegrationFilter@48dc06a9, org.springframework.security.web.context.SecurityContextHolderFilter@22decfa2, org.springframework.security.web.header.HeaderWriterFilter@2b4675db, org.springframework.security.web.csrf.CsrfFilter@7c0ecdbf, org.springframework.security.web.authentication.logout.LogoutFilter@f5314bc, com.binarfud.backend.security.JwtAuthenticationFilter@4936fbc6, org.springframework.security.web.savedrequest.RequestCacheAwareFilter@2086f336, org.springframework.security.web.servletapi.SecurityContextHolderAwareRequestFilter@14cc1f5c, org.springframework.security.web.authentication.AnonymousAuthenticationFilter@1798c749, org.springframework.security.web.access.ExceptionTranslationFilter@69860811, org.springframework.security.web.access.intercept.AuthorizationFilter@1ab780fd]
2023-11-22 19:55:16,014 INFO o.a.j.l.DirectJDKLog [main] Starting ProtocolHandler ["http-nio-8080"]
2023-11-22 19:55:16,074 INFO o.s.b.w.e.t.TomcatWebServer [main] Tomcat started on port(s): 8080 (http) with context path ''
2023-11-22 19:55:16,210 INFO o.s.b.StartupInfoLogger [main] Started BinarfudBackendApplication in 7.993 seconds (process running for 8.524)
2023-11-22 19:57:21,435 INFO o.a.j.l.DirectJDKLog [http-nio-8080-exec-1] Initializing Spring DispatcherServlet 'dispatcherServlet'
2023-11-22 19:57:21,436 INFO o.s.w.s.FrameworkServlet [http-nio-8080-exec-1] Initializing Servlet 'dispatcherServlet'
2023-11-22 19:57:21,438 INFO o.s.w.s.FrameworkServlet [http-nio-8080-exec-1] Completed initialization in 2 ms
2023-11-22 19:57:21,593 WARN o.a.j.l.DirectJDKLog [http-nio-8080-exec-1] Creation of SecureRandom instance for session ID generation using [SHA1PRNG] took [125] milliseconds.
2023-11-22 19:59:02,859 INFO o.s.o.j.AbstractEntityManagerFactoryBean [SpringApplicationShutdownHook] Closing JPA EntityManagerFactory for persistence unit 'default'
2023-11-22 19:59:02,861 INFO c.z.h.HikariDataSource [SpringApplicationShutdownHook] HikariPool-1 - Shutdown initiated...
2023-11-22 19:59:02,866 INFO c.z.h.HikariDataSource [SpringApplicationShutdownHook] HikariPool-1 - Shutdown completed.
2023-11-22 19:59:14,531 INFO o.h.v.i.u.Version [background-preinit] HV000001: Hibernate Validator 8.0.1.Final
2023-11-22 19:59:14,619 INFO o.s.b.StartupInfoLogger [main] Starting BinarfudBackendApplication using Java 17.0.5 with PID 11416 (D:\Projects\BinarFud\binarfud-backend\target\classes started by WIN-10 in D:\Projects\BinarFud\binarfud-backend)
2023-11-22 19:59:14,621 INFO o.s.b.SpringApplication [main] The following 1 profile is active: "dev"
2023-11-22 19:59:15,852 INFO o.s.d.r.c.RepositoryConfigurationDelegate [main] Bootstrapping Spring Data JPA repositories in DEFAULT mode.
2023-11-22 19:59:15,959 INFO o.s.d.r.c.RepositoryConfigurationDelegate [main] Finished Spring Data repository scanning in 96 ms. Found 5 JPA repository interfaces.
2023-11-22 19:59:16,853 INFO o.s.b.w.e.t.TomcatWebServer [main] Tomcat initialized with port(s): 8080 (http)
2023-11-22 19:59:16,864 INFO o.a.j.l.DirectJDKLog [main] Initializing ProtocolHandler ["http-nio-8080"]
2023-11-22 19:59:16,869 INFO o.a.j.l.DirectJDKLog [main] Starting service [Tomcat]
2023-11-22 19:59:16,870 INFO o.a.j.l.DirectJDKLog [main] Starting Servlet engine: [Apache Tomcat/10.1.13]
2023-11-22 19:59:17,013 INFO o.a.j.l.DirectJDKLog [main] Initializing Spring embedded WebApplicationContext
2023-11-22 19:59:17,016 INFO o.s.b.w.s.c.ServletWebServerApplicationContext [main] Root WebApplicationContext: initialization completed in 2285 ms
2023-11-22 19:59:17,184 INFO o.h.j.i.u.LogHelper [main] HHH000204: Processing PersistenceUnitInfo [name: default]
2023-11-22 19:59:17,257 INFO o.h.Version [main] HHH000412: Hibernate ORM core version 6.2.9.Final
2023-11-22 19:59:17,266 INFO o.h.c.Environment [main] HHH000406: Using bytecode reflection optimizer
2023-11-22 19:59:17,445 INFO o.h.b.i.BytecodeProviderInitiator [main] HHH000021: Bytecode provider name : bytebuddy
2023-11-22 19:59:17,643 INFO o.s.o.j.p.SpringPersistenceUnitInfo [main] No LoadTimeWeaver setup: ignoring JPA class transformer
2023-11-22 19:59:17,665 INFO c.z.h.HikariDataSource [main] HikariPool-1 - Starting...
2023-11-22 19:59:17,896 INFO c.z.h.p.HikariPool [main] HikariPool-1 - Added connection org.postgresql.jdbc.PgConnection@4751cd3
2023-11-22 19:59:17,899 INFO c.z.h.HikariDataSource [main] HikariPool-1 - Start completed.
2023-11-22 19:59:18,341 INFO o.h.b.i.BytecodeProviderInitiator [main] HHH000021: Bytecode provider name : bytebuddy
2023-11-22 19:59:19,690 INFO o.h.e.t.j.p.i.JtaPlatformInitiator [main] HHH000490: Using JtaPlatform implementation: [org.hibernate.engine.transaction.jta.platform.internal.NoJtaPlatform]
2023-11-22 19:59:19,916 INFO o.s.o.j.AbstractEntityManagerFactoryBean [main] Initialized JPA EntityManagerFactory for persistence unit 'default'
2023-11-22 19:59:20,760 INFO o.s.d.j.r.q.QueryEnhancerFactory [main] Hibernate is in classpath; If applicable, HQL parser will be used.
2023-11-22 19:59:20,953 WARN o.s.b.a.o.j.JpaBaseConfiguration$JpaWebConfiguration [main] spring.jpa.open-in-view is enabled by default. Therefore, database queries may be performed during view rendering. Explicitly configure spring.jpa.open-in-view to disable this warning
2023-11-22 19:59:21,342 INFO o.s.s.w.DefaultSecurityFilterChain [main] Will secure any request with [org.springframework.security.web.session.DisableEncodeUrlFilter@33315925, org.springframework.security.web.context.request.async.WebAsyncManagerIntegrationFilter@366c9912, org.springframework.security.web.context.SecurityContextHolderFilter@14cc1f5c, org.springframework.security.web.header.HeaderWriterFilter@19a799cb, org.springframework.security.web.csrf.CsrfFilter@4250b0c1, org.springframework.security.web.authentication.logout.LogoutFilter@63024843, com.binarfud.backend.security.JwtAuthenticationFilter@5fe4848, org.springframework.security.web.savedrequest.RequestCacheAwareFilter@7baea18b, org.springframework.security.web.servletapi.SecurityContextHolderAwareRequestFilter@14a5d7ee, org.springframework.security.web.authentication.AnonymousAuthenticationFilter@628b9af5, org.springframework.security.web.access.ExceptionTranslationFilter@3aae9e8f, org.springframework.security.web.access.intercept.AuthorizationFilter@726ee6cf]
2023-11-22 19:59:21,753 INFO o.a.j.l.DirectJDKLog [main] Starting ProtocolHandler ["http-nio-8080"]
2023-11-22 19:59:21,779 INFO o.s.b.w.e.t.TomcatWebServer [main] Tomcat started on port(s): 8080 (http) with context path ''
2023-11-22 19:59:21,797 INFO o.s.b.StartupInfoLogger [main] Started BinarfudBackendApplication in 8.223 seconds (process running for 8.852)
2023-11-22 19:59:35,409 INFO o.s.o.j.AbstractEntityManagerFactoryBean [SpringApplicationShutdownHook] Closing JPA EntityManagerFactory for persistence unit 'default'
2023-11-22 19:59:35,411 INFO c.z.h.HikariDataSource [SpringApplicationShutdownHook] HikariPool-1 - Shutdown initiated...
2023-11-22 19:59:35,416 INFO c.z.h.HikariDataSource [SpringApplicationShutdownHook] HikariPool-1 - Shutdown completed.
2023-11-22 19:59:43,953 INFO o.h.v.i.u.Version [background-preinit] HV000001: Hibernate Validator 8.0.1.Final
2023-11-22 19:59:44,019 INFO o.s.b.StartupInfoLogger [main] Starting BinarfudBackendApplication using Java 17.0.5 with PID 7680 (D:\Projects\BinarFud\binarfud-backend\target\classes started by WIN-10 in D:\Projects\BinarFud\binarfud-backend)
2023-11-22 19:59:44,021 INFO o.s.b.SpringApplication [main] The following 1 profile is active: "dev"
2023-11-22 19:59:45,259 INFO o.s.d.r.c.RepositoryConfigurationDelegate [main] Bootstrapping Spring Data JPA repositories in DEFAULT mode.
2023-11-22 19:59:45,371 INFO o.s.d.r.c.RepositoryConfigurationDelegate [main] Finished Spring Data repository scanning in 98 ms. Found 5 JPA repository interfaces.
2023-11-22 19:59:46,229 INFO o.s.b.w.e.t.TomcatWebServer [main] Tomcat initialized with port(s): 8080 (http)
2023-11-22 19:59:46,248 INFO o.a.j.l.DirectJDKLog [main] Initializing ProtocolHandler ["http-nio-8080"]
2023-11-22 19:59:46,252 INFO o.a.j.l.DirectJDKLog [main] Starting service [Tomcat]
2023-11-22 19:59:46,253 INFO o.a.j.l.DirectJDKLog [main] Starting Servlet engine: [Apache Tomcat/10.1.13]
2023-11-22 19:59:46,393 INFO o.a.j.l.DirectJDKLog [main] Initializing Spring embedded WebApplicationContext
2023-11-22 19:59:46,395 INFO o.s.b.w.s.c.ServletWebServerApplicationContext [main] Root WebApplicationContext: initialization completed in 2282 ms
2023-11-22 19:59:46,570 INFO o.h.j.i.u.LogHelper [main] HHH000204: Processing PersistenceUnitInfo [name: default]
2023-11-22 19:59:46,653 INFO o.h.Version [main] HHH000412: Hibernate ORM core version 6.2.9.Final
2023-11-22 19:59:46,656 INFO o.h.c.Environment [main] HHH000406: Using bytecode reflection optimizer
2023-11-22 19:59:46,844 INFO o.h.b.i.BytecodeProviderInitiator [main] HHH000021: Bytecode provider name : bytebuddy
2023-11-22 19:59:47,044 INFO o.s.o.j.p.SpringPersistenceUnitInfo [main] No LoadTimeWeaver setup: ignoring JPA class transformer
2023-11-22 19:59:47,068 INFO c.z.h.HikariDataSource [main] HikariPool-1 - Starting...
2023-11-22 19:59:47,365 INFO c.z.h.p.HikariPool [main] HikariPool-1 - Added connection org.postgresql.jdbc.PgConnection@1aac0a47
2023-11-22 19:59:47,369 INFO c.z.h.HikariDataSource [main] HikariPool-1 - Start completed.
2023-11-22 19:59:47,799 INFO o.h.b.i.BytecodeProviderInitiator [main] HHH000021: Bytecode provider name : bytebuddy
2023-11-22 19:59:48,927 INFO o.h.e.t.j.p.i.JtaPlatformInitiator [main] HHH000490: Using JtaPlatform implementation: [org.hibernate.engine.transaction.jta.platform.internal.NoJtaPlatform]
2023-11-22 19:59:49,149 INFO o.s.o.j.AbstractEntityManagerFactoryBean [main] Initialized JPA EntityManagerFactory for persistence unit 'default'
2023-11-22 19:59:49,873 INFO o.s.d.j.r.q.QueryEnhancerFactory [main] Hibernate is in classpath; If applicable, HQL parser will be used.
2023-11-22 19:59:50,059 WARN o.s.b.a.o.j.JpaBaseConfiguration$JpaWebConfiguration [main] spring.jpa.open-in-view is enabled by default. Therefore, database queries may be performed during view rendering. Explicitly configure spring.jpa.open-in-view to disable this warning
2023-11-22 19:59:50,403 INFO o.s.s.w.DefaultSecurityFilterChain [main] Will secure any request with [org.springframework.security.web.session.DisableEncodeUrlFilter@628b9af5, org.springframework.security.web.context.request.async.WebAsyncManagerIntegrationFilter@137db13f, org.springframework.security.web.context.SecurityContextHolderFilter@7baea18b, org.springframework.security.web.header.HeaderWriterFilter@3445341, org.springframework.security.web.csrf.CsrfFilter@24caa80, org.springframework.security.web.authentication.logout.LogoutFilter@7ceb7a60, com.binarfud.backend.security.JwtAuthenticationFilter@fd5c7f6, org.springframework.security.web.savedrequest.RequestCacheAwareFilter@2e93f91d, org.springframework.security.web.servletapi.SecurityContextHolderAwareRequestFilter@76929266, org.springframework.security.web.authentication.AnonymousAuthenticationFilter@2a3c3a04, org.springframework.security.web.access.ExceptionTranslationFilter@19a799cb, org.springframework.security.web.access.intercept.AuthorizationFilter@624268ab]
2023-11-22 19:59:50,778 INFO o.a.j.l.DirectJDKLog [main] Starting ProtocolHandler ["http-nio-8080"]
2023-11-22 19:59:50,806 INFO o.s.b.w.e.t.TomcatWebServer [main] Tomcat started on port(s): 8080 (http) with context path ''
2023-11-22 19:59:50,829 INFO o.s.b.StartupInfoLogger [main] Started BinarfudBackendApplication in 7.544 seconds (process running for 8.118)
2023-11-22 20:00:00,952 INFO o.a.j.l.DirectJDKLog [http-nio-8080-exec-1] Initializing Spring DispatcherServlet 'dispatcherServlet'
2023-11-22 20:00:00,954 INFO o.s.w.s.FrameworkServlet [http-nio-8080-exec-1] Initializing Servlet 'dispatcherServlet'
2023-11-22 20:00:00,956 INFO o.s.w.s.FrameworkServlet [http-nio-8080-exec-1] Completed initialization in 2 ms
2023-11-22 20:00:01,124 WARN o.a.j.l.DirectJDKLog [http-nio-8080-exec-1] Creation of SecureRandom instance for session ID generation using [SHA1PRNG] took [126] milliseconds.
2023-11-22 20:02:39,956 INFO o.s.o.j.AbstractEntityManagerFactoryBean [SpringApplicationShutdownHook] Closing JPA EntityManagerFactory for persistence unit 'default'
2023-11-22 20:02:39,960 INFO c.z.h.HikariDataSource [SpringApplicationShutdownHook] HikariPool-1 - Shutdown initiated...
2023-11-22 20:02:39,967 INFO c.z.h.HikariDataSource [SpringApplicationShutdownHook] HikariPool-1 - Shutdown completed.
2023-11-22 20:02:50,772 INFO o.h.v.i.u.Version [background-preinit] HV000001: Hibernate Validator 8.0.1.Final
2023-11-22 20:02:50,854 INFO o.s.b.StartupInfoLogger [main] Starting BinarfudBackendApplication using Java 17.0.5 with PID 9776 (D:\Projects\BinarFud\binarfud-backend\target\classes started by WIN-10 in D:\Projects\BinarFud\binarfud-backend)
2023-11-22 20:02:50,856 INFO o.s.b.SpringApplication [main] The following 1 profile is active: "dev"
2023-11-22 20:02:52,258 INFO o.s.d.r.c.RepositoryConfigurationDelegate [main] Bootstrapping Spring Data JPA repositories in DEFAULT mode.
2023-11-22 20:02:52,377 INFO o.s.d.r.c.RepositoryConfigurationDelegate [main] Finished Spring Data repository scanning in 104 ms. Found 5 JPA repository interfaces.
2023-11-22 20:02:53,257 INFO o.s.b.w.e.t.TomcatWebServer [main] Tomcat initialized with port(s): 8080 (http)
2023-11-22 20:02:53,284 INFO o.a.j.l.DirectJDKLog [main] Initializing ProtocolHandler ["http-nio-8080"]
2023-11-22 20:02:53,289 INFO o.a.j.l.DirectJDKLog [main] Starting service [Tomcat]
2023-11-22 20:02:53,290 INFO o.a.j.l.DirectJDKLog [main] Starting Servlet engine: [Apache Tomcat/10.1.13]
2023-11-22 20:02:53,437 INFO o.a.j.l.DirectJDKLog [main] Initializing Spring embedded WebApplicationContext
2023-11-22 20:02:53,440 INFO o.s.b.w.s.c.ServletWebServerApplicationContext [main] Root WebApplicationContext: initialization completed in 2469 ms
2023-11-22 20:02:53,603 INFO o.h.j.i.u.LogHelper [main] HHH000204: Processing PersistenceUnitInfo [name: default]
2023-11-22 20:02:53,698 INFO o.h.Version [main] HHH000412: Hibernate ORM core version 6.2.9.Final
2023-11-22 20:02:53,704 INFO o.h.c.Environment [main] HHH000406: Using bytecode reflection optimizer
2023-11-22 20:02:53,896 INFO o.h.b.i.BytecodeProviderInitiator [main] HHH000021: Bytecode provider name : bytebuddy
2023-11-22 20:02:54,103 INFO o.s.o.j.p.SpringPersistenceUnitInfo [main] No LoadTimeWeaver setup: ignoring JPA class transformer
2023-11-22 20:02:54,129 INFO c.z.h.HikariDataSource [main] HikariPool-1 - Starting...
2023-11-22 20:02:54,377 INFO c.z.h.p.HikariPool [main] HikariPool-1 - Added connection org.postgresql.jdbc.PgConnection@194b9783
2023-11-22 20:02:54,381 INFO c.z.h.HikariDataSource [main] HikariPool-1 - Start completed.
2023-11-22 20:02:54,969 INFO o.h.b.i.BytecodeProviderInitiator [main] HHH000021: Bytecode provider name : bytebuddy
2023-11-22 20:02:56,217 INFO o.h.e.t.j.p.i.JtaPlatformInitiator [main] HHH000490: Using JtaPlatform implementation: [org.hibernate.engine.transaction.jta.platform.internal.NoJtaPlatform]
2023-11-22 20:02:56,442 INFO o.s.o.j.AbstractEntityManagerFactoryBean [main] Initialized JPA EntityManagerFactory for persistence unit 'default'
2023-11-22 20:02:57,066 INFO o.s.d.j.r.q.QueryEnhancerFactory [main] Hibernate is in classpath; If applicable, HQL parser will be used.
2023-11-22 20:02:57,227 WARN o.s.b.a.o.j.JpaBaseConfiguration$JpaWebConfiguration [main] spring.jpa.open-in-view is enabled by default. Therefore, database queries may be performed during view rendering. Explicitly configure spring.jpa.open-in-view to disable this warning
2023-11-22 20:02:57,574 INFO o.s.s.w.DefaultSecurityFilterChain [main] Will secure any request with [org.springframework.security.web.session.DisableEncodeUrlFilter@4628f386, org.springframework.security.web.context.request.async.WebAsyncManagerIntegrationFilter@38224635, org.springframework.security.web.context.SecurityContextHolderFilter@14a5d7ee, org.springframework.security.web.header.HeaderWriterFilter@5ad13be4, org.springframework.security.web.csrf.CsrfFilter@b1e63b5, org.springframework.security.web.authentication.logout.LogoutFilter@6e4ac3f5, com.binarfud.backend.security.JwtAuthenticationFilter@85eba52, org.springframework.security.web.savedrequest.RequestCacheAwareFilter@76929266, org.springframework.security.web.servletapi.SecurityContextHolderAwareRequestFilter@798d8247, org.springframework.security.web.authentication.AnonymousAuthenticationFilter@7385a72f, org.springframework.security.web.access.ExceptionTranslationFilter@3100b5cf, org.springframework.security.web.access.intercept.AuthorizationFilter@137db13f]
2023-11-22 20:02:57,914 INFO o.a.j.l.DirectJDKLog [main] Starting ProtocolHandler ["http-nio-8080"]
2023-11-22 20:02:57,941 INFO o.s.b.w.e.t.TomcatWebServer [main] Tomcat started on port(s): 8080 (http) with context path ''
2023-11-22 20:02:57,953 INFO o.s.b.StartupInfoLogger [main] Started BinarfudBackendApplication in 8.049 seconds (process running for 8.718)
2023-11-22 20:03:33,404 INFO o.a.j.l.DirectJDKLog [http-nio-8080-exec-1] Initializing Spring DispatcherServlet 'dispatcherServlet'
2023-11-22 20:03:33,405 INFO o.s.w.s.FrameworkServlet [http-nio-8080-exec-1] Initializing Servlet 'dispatcherServlet'
2023-11-22 20:03:33,408 INFO o.s.w.s.FrameworkServlet [http-nio-8080-exec-1] Completed initialization in 2 ms
2023-11-22 20:04:52,973 INFO o.s.o.j.AbstractEntityManagerFactoryBean [SpringApplicationShutdownHook] Closing JPA EntityManagerFactory for persistence unit 'default'
2023-11-22 20:04:52,975 INFO c.z.h.HikariDataSource [SpringApplicationShutdownHook] HikariPool-1 - Shutdown initiated...
2023-11-22 20:04:52,987 INFO c.z.h.HikariDataSource [SpringApplicationShutdownHook] HikariPool-1 - Shutdown completed.
2023-11-22 20:05:03,289 INFO o.h.v.i.u.Version [background-preinit] HV000001: Hibernate Validator 8.0.1.Final
2023-11-22 20:05:03,364 INFO o.s.b.StartupInfoLogger [main] Starting BinarfudBackendApplication using Java 17.0.5 with PID 8528 (D:\Projects\BinarFud\binarfud-backend\target\classes started by WIN-10 in D:\Projects\BinarFud\binarfud-backend)
2023-11-22 20:05:03,368 INFO o.s.b.SpringApplication [main] The following 1 profile is active: "dev"
2023-11-22 20:05:04,644 INFO o.s.d.r.c.RepositoryConfigurationDelegate [main] Bootstrapping Spring Data JPA repositories in DEFAULT mode.
2023-11-22 20:05:04,772 INFO o.s.d.r.c.RepositoryConfigurationDelegate [main] Finished Spring Data repository scanning in 119 ms. Found 5 JPA repository interfaces.
2023-11-22 20:05:05,767 INFO o.s.b.w.e.t.TomcatWebServer [main] Tomcat initialized with port(s): 8080 (http)
2023-11-22 20:05:05,778 INFO o.a.j.l.DirectJDKLog [main] Initializing ProtocolHandler ["http-nio-8080"]
2023-11-22 20:05:05,786 INFO o.a.j.l.DirectJDKLog [main] Starting service [Tomcat]
2023-11-22 20:05:05,787 INFO o.a.j.l.DirectJDKLog [main] Starting Servlet engine: [Apache Tomcat/10.1.13]
2023-11-22 20:05:05,930 INFO o.a.j.l.DirectJDKLog [main] Initializing Spring embedded WebApplicationContext
2023-11-22 20:05:05,932 INFO o.s.b.w.s.c.ServletWebServerApplicationContext [main] Root WebApplicationContext: initialization completed in 2467 ms
2023-11-22 20:05:06,106 INFO o.h.j.i.u.LogHelper [main] HHH000204: Processing PersistenceUnitInfo [name: default]
2023-11-22 20:05:06,203 INFO o.h.Version [main] HHH000412: Hibernate ORM core version 6.2.9.Final
2023-11-22 20:05:06,207 INFO o.h.c.Environment [main] HHH000406: Using bytecode reflection optimizer
2023-11-22 20:05:06,391 INFO o.h.b.i.BytecodeProviderInitiator [main] HHH000021: Bytecode provider name : bytebuddy
2023-11-22 20:05:06,574 INFO o.s.o.j.p.SpringPersistenceUnitInfo [main] No LoadTimeWeaver setup: ignoring JPA class transformer
2023-11-22 20:05:06,598 INFO c.z.h.HikariDataSource [main] HikariPool-1 - Starting...
2023-11-22 20:05:06,823 INFO c.z.h.p.HikariPool [main] HikariPool-1 - Added connection org.postgresql.jdbc.PgConnection@46c662f2
2023-11-22 20:05:06,827 INFO c.z.h.HikariDataSource [main] HikariPool-1 - Start completed.
2023-11-22 20:05:07,296 INFO o.h.b.i.BytecodeProviderInitiator [main] HHH000021: Bytecode provider name : bytebuddy
2023-11-22 20:05:08,385 INFO o.h.e.t.j.p.i.JtaPlatformInitiator [main] HHH000490: Using JtaPlatform implementation: [org.hibernate.engine.transaction.jta.platform.internal.NoJtaPlatform]
2023-11-22 20:05:08,572 INFO o.s.o.j.AbstractEntityManagerFactoryBean [main] Initialized JPA EntityManagerFactory for persistence unit 'default'
2023-11-22 20:05:09,159 INFO o.s.d.j.r.q.QueryEnhancerFactory [main] Hibernate is in classpath; If applicable, HQL parser will be used.
2023-11-22 20:05:09,322 WARN o.s.b.a.o.j.JpaBaseConfiguration$JpaWebConfiguration [main] spring.jpa.open-in-view is enabled by default. Therefore, database queries may be performed during view rendering. Explicitly configure spring.jpa.open-in-view to disable this warning
2023-11-22 20:05:09,631 INFO o.s.s.w.DefaultSecurityFilterChain [main] Will secure any request with [org.springframework.security.web.session.DisableEncodeUrlFilter@2a9fd482, org.springframework.security.web.context.request.async.WebAsyncManagerIntegrationFilter@7ca2319f, org.springframework.security.web.context.SecurityContextHolderFilter@798d8247, org.springframework.security.web.header.HeaderWriterFilter@20331c8e, org.springframework.security.web.csrf.CsrfFilter@301c622d, org.springframework.security.web.authentication.logout.LogoutFilter@33315925, com.binarfud.backend.security.JwtAuthenticationFilter@13edc1bc, org.springframework.security.web.savedrequest.RequestCacheAwareFilter@46d83ec4, org.springframework.security.web.servletapi.SecurityContextHolderAwareRequestFilter@6e6ec71f, org.springframework.security.web.authentication.AnonymousAuthenticationFilter@653a5a, org.springframework.security.web.access.ExceptionTranslationFilter@4778c085, org.springframework.security.web.access.intercept.AuthorizationFilter@5ff12345]
2023-11-22 20:05:10,050 INFO o.a.j.l.DirectJDKLog [main] Starting ProtocolHandler ["http-nio-8080"]
2023-11-22 20:05:10,078 INFO o.s.b.w.e.t.TomcatWebServer [main] Tomcat started on port(s): 8080 (http) with context path ''
2023-11-22 20:05:10,094 INFO o.s.b.StartupInfoLogger [main] Started BinarfudBackendApplication in 7.539 seconds (process running for 8.24)
2023-11-22 20:05:17,487 INFO o.a.j.l.DirectJDKLog [http-nio-8080-exec-1] Initializing Spring DispatcherServlet 'dispatcherServlet'
2023-11-22 20:05:17,488 INFO o.s.w.s.FrameworkServlet [http-nio-8080-exec-1] Initializing Servlet 'dispatcherServlet'
2023-11-22 20:05:17,491 INFO o.s.w.s.FrameworkServlet [http-nio-8080-exec-1] Completed initialization in 2 ms
2023-11-22 20:05:18,820 INFO o.s.a.AbstractOpenApiResource [http-nio-8080-exec-9] Init duration for springdoc-openapi is: 479 ms
2023-11-22 20:13:02,271 INFO o.s.o.j.AbstractEntityManagerFactoryBean [SpringApplicationShutdownHook] Closing JPA EntityManagerFactory for persistence unit 'default'
2023-11-22 20:13:02,276 INFO c.z.h.HikariDataSource [SpringApplicationShutdownHook] HikariPool-1 - Shutdown initiated...
2023-11-22 20:13:02,284 INFO c.z.h.HikariDataSource [SpringApplicationShutdownHook] HikariPool-1 - Shutdown completed.
2023-11-22 20:13:23,171 INFO o.h.v.i.u.Version [background-preinit] HV000001: Hibernate Validator 8.0.1.Final
2023-11-22 20:13:23,236 INFO o.s.b.StartupInfoLogger [main] Starting BinarfudBackendApplication using Java 17.0.5 with PID 8856 (D:\Projects\BinarFud\binarfud-backend\target\classes started by WIN-10 in D:\Projects\BinarFud\binarfud-backend)
2023-11-22 20:13:23,240 INFO o.s.b.SpringApplication [main] The following 1 profile is active: "dev"
2023-11-22 20:13:24,456 INFO o.s.d.r.c.RepositoryConfigurationDelegate [main] Bootstrapping Spring Data JPA repositories in DEFAULT mode.
2023-11-22 20:13:24,574 INFO o.s.d.r.c.RepositoryConfigurationDelegate [main] Finished Spring Data repository scanning in 109 ms. Found 5 JPA repository interfaces.
2023-11-22 20:13:25,688 INFO o.s.b.w.e.t.TomcatWebServer [main] Tomcat initialized with port(s): 8080 (http)
2023-11-22 20:13:25,704 INFO o.a.j.l.DirectJDKLog [main] Initializing ProtocolHandler ["http-nio-8080"]
2023-11-22 20:13:25,713 INFO o.a.j.l.DirectJDKLog [main] Starting service [Tomcat]
2023-11-22 20:13:25,714 INFO o.a.j.l.DirectJDKLog [main] Starting Servlet engine: [Apache Tomcat/10.1.13]
2023-11-22 20:13:26,013 INFO o.a.j.l.DirectJDKLog [main] Initializing Spring embedded WebApplicationContext
2023-11-22 20:13:26,017 INFO o.s.b.w.s.c.ServletWebServerApplicationContext [main] Root WebApplicationContext: initialization completed in 2676 ms
2023-11-22 20:13:26,243 INFO o.h.j.i.u.LogHelper [main] HHH000204: Processing PersistenceUnitInfo [name: default]
2023-11-22 20:13:26,398 INFO o.h.Version [main] HHH000412: Hibernate ORM core version 6.2.9.Final
2023-11-22 20:13:26,403 INFO o.h.c.Environment [main] HHH000406: Using bytecode reflection optimizer
2023-11-22 20:13:26,661 INFO o.h.b.i.BytecodeProviderInitiator [main] HHH000021: Bytecode provider name : bytebuddy
2023-11-22 20:13:27,001 INFO o.s.o.j.p.SpringPersistenceUnitInfo [main] No LoadTimeWeaver setup: ignoring JPA class transformer
2023-11-22 20:13:27,072 INFO c.z.h.HikariDataSource [main] HikariPool-1 - Starting...
2023-11-22 20:13:27,406 INFO c.z.h.p.HikariPool [main] HikariPool-1 - Added connection org.postgresql.jdbc.PgConnection@45297e7
2023-11-22 20:13:27,410 INFO c.z.h.HikariDataSource [main] HikariPool-1 - Start completed.
2023-11-22 20:13:27,985 INFO o.h.b.i.BytecodeProviderInitiator [main] HHH000021: Bytecode provider name : bytebuddy
2023-11-22 20:13:29,290 INFO o.h.e.t.j.p.i.JtaPlatformInitiator [main] HHH000490: Using JtaPlatform implementation: [org.hibernate.engine.transaction.jta.platform.internal.NoJtaPlatform]
2023-11-22 20:13:29,507 INFO o.s.o.j.AbstractEntityManagerFactoryBean [main] Initialized JPA EntityManagerFactory for persistence unit 'default'
2023-11-22 20:13:30,230 INFO o.s.d.j.r.q.QueryEnhancerFactory [main] Hibernate is in classpath; If applicable, HQL parser will be used.
2023-11-22 20:13:30,411 WARN o.s.b.a.o.j.JpaBaseConfiguration$JpaWebConfiguration [main] spring.jpa.open-in-view is enabled by default. Therefore, database queries may be performed during view rendering. Explicitly configure spring.jpa.open-in-view to disable this warning
2023-11-22 20:13:30,860 INFO o.s.s.w.DefaultSecurityFilterChain [main] Will secure any request with [org.springframework.security.web.session.DisableEncodeUrlFilter@6b8683b8, org.springframework.security.web.context.request.async.WebAsyncManagerIntegrationFilter@495598c5, org.springframework.security.web.context.SecurityContextHolderFilter@3aae9e8f, org.springframework.security.web.header.HeaderWriterFilter@b1e63b5, org.springframework.security.web.authentication.logout.LogoutFilter@25639668, com.binarfud.backend.security.JwtAuthenticationFilter@1a34f8e2, org.springframework.security.web.savedrequest.RequestCacheAwareFilter@19a799cb, org.springframework.security.web.servletapi.SecurityContextHolderAwareRequestFilter@3100b5cf, org.springframework.security.web.authentication.AnonymousAuthenticationFilter@6e4ac3f5, org.springframework.security.web.session.SessionManagementFilter@1737834, org.springframework.security.web.access.ExceptionTranslationFilter@44d36b56, org.springframework.security.web.access.intercept.AuthorizationFilter@53ce27fa]
2023-11-22 20:13:31,279 INFO o.a.j.l.DirectJDKLog [main] Starting ProtocolHandler ["http-nio-8080"]
2023-11-22 20:13:31,323 INFO o.s.b.w.e.t.TomcatWebServer [main] Tomcat started on port(s): 8080 (http) with context path ''
2023-11-22 20:13:31,346 INFO o.s.b.StartupInfoLogger [main] Started BinarfudBackendApplication in 8.936 seconds (process running for 9.499)
2023-11-22 20:15:27,353 INFO o.a.j.l.DirectJDKLog [http-nio-8080-exec-1] Initializing Spring DispatcherServlet 'dispatcherServlet'
2023-11-22 20:15:27,354 INFO o.s.w.s.FrameworkServlet [http-nio-8080-exec-1] Initializing Servlet 'dispatcherServlet'
2023-11-22 20:15:27,356 INFO o.s.w.s.FrameworkServlet [http-nio-8080-exec-1] Completed initialization in 2 ms
2023-11-22 20:15:28,517 INFO o.s.a.AbstractOpenApiResource [http-nio-8080-exec-4] Init duration for springdoc-openapi is: 510 ms
2023-11-22 20:16:09,403 INFO c.b.b.s.SimpleAuthService [http-nio-8080-exec-8] RegisterBuyerReq(username=alfrendo, email=alfrendo@gmail.com, password=silalahi)
2023-11-22 21:25:37,547 INFO o.h.v.i.u.Version [background-preinit] HV000001: Hibernate Validator 8.0.1.Final
2023-11-22 21:25:37,638 INFO o.s.b.StartupInfoLogger [main] Starting BinarfudBackendApplication using Java 17.0.5 with PID 9516 (D:\Projects\BinarFud\binarfud-backend\target\classes started by WIN-10 in D:\Projects\BinarFud\binarfud-backend)
2023-11-22 21:25:37,642 INFO o.s.b.SpringApplication [main] The following 1 profile is active: "dev"
2023-11-22 21:25:39,494 INFO o.s.d.r.c.RepositoryConfigurationDelegate [main] Bootstrapping Spring Data JPA repositories in DEFAULT mode.
2023-11-22 21:25:39,634 INFO o.s.d.r.c.RepositoryConfigurationDelegate [main] Finished Spring Data repository scanning in 128 ms. Found 5 JPA repository interfaces.
2023-11-22 21:25:40,659 INFO o.s.b.w.e.t.TomcatWebServer [main] Tomcat initialized with port(s): 8080 (http)
2023-11-22 21:25:40,673 INFO o.a.j.l.DirectJDKLog [main] Initializing ProtocolHandler ["http-nio-8080"]
2023-11-22 21:25:40,677 INFO o.a.j.l.DirectJDKLog [main] Starting service [Tomcat]
2023-11-22 21:25:40,677 INFO o.a.j.l.DirectJDKLog [main] Starting Servlet engine: [Apache Tomcat/10.1.13]
2023-11-22 21:25:40,821 INFO o.a.j.l.DirectJDKLog [main] Initializing Spring embedded WebApplicationContext
2023-11-22 21:25:40,822 INFO o.s.b.w.s.c.ServletWebServerApplicationContext [main] Root WebApplicationContext: initialization completed in 3097 ms
2023-11-22 21:25:41,029 INFO o.h.j.i.u.LogHelper [main] HHH000204: Processing PersistenceUnitInfo [name: default]
2023-11-22 21:25:41,167 INFO o.h.Version [main] HHH000412: Hibernate ORM core version 6.2.9.Final
2023-11-22 21:25:41,173 INFO o.h.c.Environment [main] HHH000406: Using bytecode reflection optimizer
2023-11-22 21:25:41,519 INFO o.h.b.i.BytecodeProviderInitiator [main] HHH000021: Bytecode provider name : bytebuddy
2023-11-22 21:25:41,783 INFO o.s.o.j.p.SpringPersistenceUnitInfo [main] No LoadTimeWeaver setup: ignoring JPA class transformer
2023-11-22 21:25:41,817 INFO c.z.h.HikariDataSource [main] HikariPool-1 - Starting...
2023-11-22 21:25:42,087 INFO c.z.h.p.HikariPool [main] HikariPool-1 - Added connection org.postgresql.jdbc.PgConnection@1aeff8ca
2023-11-22 21:25:42,089 INFO c.z.h.HikariDataSource [main] HikariPool-1 - Start completed.
2023-11-22 21:25:42,600 INFO o.h.b.i.BytecodeProviderInitiator [main] HHH000021: Bytecode provider name : bytebuddy
2023-11-22 21:25:43,817 INFO o.h.e.t.j.p.i.JtaPlatformInitiator [main] HHH000490: Using JtaPlatform implementation: [org.hibernate.engine.transaction.jta.platform.internal.NoJtaPlatform]
2023-11-22 21:25:44,042 INFO o.s.o.j.AbstractEntityManagerFactoryBean [main] Initialized JPA EntityManagerFactory for persistence unit 'default'
2023-11-22 21:25:44,727 INFO o.s.d.j.r.q.QueryEnhancerFactory [main] Hibernate is in classpath; If applicable, HQL parser will be used.
2023-11-22 21:25:44,875 WARN o.s.b.a.o.j.JpaBaseConfiguration$JpaWebConfiguration [main] spring.jpa.open-in-view is enabled by default. Therefore, database queries may be performed during view rendering. Explicitly configure spring.jpa.open-in-view to disable this warning
2023-11-22 21:25:45,296 INFO o.s.s.w.DefaultSecurityFilterChain [main] Will secure any request with [org.springframework.security.web.session.DisableEncodeUrlFilter@5955568, org.springframework.security.web.context.request.async.WebAsyncManagerIntegrationFilter@444fbd13, org.springframework.security.web.context.SecurityContextHolderFilter@5c438795, org.springframework.security.web.header.HeaderWriterFilter@506d7fed, org.springframework.security.web.authentication.logout.LogoutFilter@4b89515b, com.binarfud.backend.security.JwtAuthenticationFilter@69e308e2, org.springframework.security.web.savedrequest.RequestCacheAwareFilter@339b45f8, org.springframework.security.web.servletapi.SecurityContextHolderAwareRequestFilter@149ef64a, org.springframework.security.web.authentication.AnonymousAuthenticationFilter@38241615, org.springframework.security.web.session.SessionManagementFilter@49d5c751, org.springframework.security.web.access.ExceptionTranslationFilter@74eae1e0, org.springframework.security.web.access.intercept.AuthorizationFilter@5482b32a]
2023-11-22 21:25:45,755 INFO o.a.j.l.DirectJDKLog [main] Starting ProtocolHandler ["http-nio-8080"]
2023-11-22 21:25:45,778 INFO o.s.b.w.e.t.TomcatWebServer [main] Tomcat started on port(s): 8080 (http) with context path ''
2023-11-22 21:25:45,793 INFO o.s.b.StartupInfoLogger [main] Started BinarfudBackendApplication in 9.186 seconds (process running for 11.094)
2023-11-22 21:28:20,477 INFO o.a.j.l.DirectJDKLog [http-nio-8080-exec-2] Initializing Spring DispatcherServlet 'dispatcherServlet'
2023-11-22 21:28:20,478 INFO o.s.w.s.FrameworkServlet [http-nio-8080-exec-2] Initializing Servlet 'dispatcherServlet'
2023-11-22 21:28:20,480 INFO o.s.w.s.FrameworkServlet [http-nio-8080-exec-2] Completed initialization in 1 ms
2023-11-22 21:31:13,060 WARN o.h.e.j.s.SqlExceptionHelper [http-nio-8080-exec-8] SQL Error: 0, SQLState: 23505
2023-11-22 21:31:13,061 ERROR o.h.e.j.s.SqlExceptionHelper [http-nio-8080-exec-8] ERROR: duplicate key value violates unique constraint "uk_6dotkott2kjsp8vw4d0m25fb7"
  Detail: Key (email)=(alfrendo@gmail.com) already exists.
2023-11-22 21:31:13,148 ERROR o.a.j.l.DirectJDKLog [http-nio-8080-exec-8] Servlet.service() for servlet [dispatcherServlet] in context with path [] threw exception [Request processing failed: org.springframework.dao.DataIntegrityViolationException: could not execute statement [ERROR: duplicate key value violates unique constraint "uk_6dotkott2kjsp8vw4d0m25fb7"
  Detail: Key (email)=(alfrendo@gmail.com) already exists.] [insert into users (created_at,deleted,email,password,role,updated_at,username,id) values (?,?,?,?,?,?,?,?)]; SQL [insert into users (created_at,deleted,email,password,role,updated_at,username,id) values (?,?,?,?,?,?,?,?)]; constraint [uk_6dotkott2kjsp8vw4d0m25fb7]] with root cause
org.postgresql.util.PSQLException: ERROR: duplicate key value violates unique constraint "uk_6dotkott2kjsp8vw4d0m25fb7"
  Detail: Key (email)=(alfrendo@gmail.com) already exists.
	at org.postgresql.core.v3.QueryExecutorImpl.receiveErrorResponse(QueryExecutorImpl.java:2713)
	at org.postgresql.core.v3.QueryExecutorImpl.processResults(QueryExecutorImpl.java:2401)
	at org.postgresql.core.v3.QueryExecutorImpl.execute(QueryExecutorImpl.java:368)
	at org.postgresql.jdbc.PgStatement.executeInternal(PgStatement.java:498)
	at org.postgresql.jdbc.PgStatement.execute(PgStatement.java:415)
	at org.postgresql.jdbc.PgPreparedStatement.executeWithFlags(PgPreparedStatement.java:190)
	at org.postgresql.jdbc.PgPreparedStatement.executeUpdate(PgPreparedStatement.java:152)
	at com.zaxxer.hikari.pool.ProxyPreparedStatement.executeUpdate(ProxyPreparedStatement.java:61)
	at com.zaxxer.hikari.pool.HikariProxyPreparedStatement.executeUpdate(HikariProxyPreparedStatement.java)
	at org.hibernate.engine.jdbc.internal.ResultSetReturnImpl.executeUpdate(ResultSetReturnImpl.java:275)
	at org.hibernate.engine.jdbc.mutation.internal.AbstractMutationExecutor.performNonBatchedMutation(AbstractMutationExecutor.java:107)
	at org.hibernate.engine.jdbc.mutation.internal.MutationExecutorSingleNonBatched.performNonBatchedOperations(MutationExecutorSingleNonBatched.java:40)
	at org.hibernate.engine.jdbc.mutation.internal.AbstractMutationExecutor.execute(AbstractMutationExecutor.java:52)
	at org.hibernate.persister.entity.mutation.InsertCoordinator.doStaticInserts(InsertCoordinator.java:169)
	at org.hibernate.persister.entity.mutation.InsertCoordinator.coordinateInsert(InsertCoordinator.java:111)
	at org.hibernate.persister.entity.AbstractEntityPersister.insert(AbstractEntityPersister.java:2784)
	at org.hibernate.action.internal.EntityInsertAction.execute(EntityInsertAction.java:102)
	at org.hibernate.engine.spi.ActionQueue.executeActions(ActionQueue.java:635)
	at org.hibernate.engine.spi.ActionQueue.executeActions(ActionQueue.java:502)
	at org.hibernate.event.internal.AbstractFlushingEventListener.performExecutions(AbstractFlushingEventListener.java:358)
	at org.hibernate.event.internal.DefaultFlushEventListener.onFlush(DefaultFlushEventListener.java:39)
	at org.hibernate.event.service.internal.EventListenerGroupImpl.fireEventOnEachListener(EventListenerGroupImpl.java:127)
	at org.hibernate.internal.SessionImpl.doFlush(SessionImpl.java:1412)
	at org.hibernate.internal.SessionImpl.managedFlush(SessionImpl.java:485)
	at org.hibernate.internal.SessionImpl.flushBeforeTransactionCompletion(SessionImpl.java:2301)
	at org.hibernate.internal.SessionImpl.beforeTransactionCompletion(SessionImpl.java:1966)
	at org.hibernate.engine.jdbc.internal.JdbcCoordinatorImpl.beforeTransactionCompletion(JdbcCoordinatorImpl.java:439)
	at org.hibernate.resource.transaction.backend.jdbc.internal.JdbcResourceLocalTransactionCoordinatorImpl.beforeCompletionCallback(JdbcResourceLocalTransactionCoordinatorImpl.java:169)
	at org.hibernate.resource.transaction.backend.jdbc.internal.JdbcResourceLocalTransactionCoordinatorImpl$TransactionDriverControlImpl.commit(JdbcResourceLocalTransactionCoordinatorImpl.java:267)
	at org.hibernate.engine.transaction.internal.TransactionImpl.commit(TransactionImpl.java:101)
	at org.springframework.orm.jpa.JpaTransactionManager.doCommit(JpaTransactionManager.java:561)
	at org.springframework.transaction.support.AbstractPlatformTransactionManager.processCommit(AbstractPlatformTransactionManager.java:743)
	at org.springframework.transaction.support.AbstractPlatformTransactionManager.commit(AbstractPlatformTransactionManager.java:711)
	at org.springframework.transaction.interceptor.TransactionAspectSupport.commitTransactionAfterReturning(TransactionAspectSupport.java:660)
	at org.springframework.transaction.interceptor.TransactionAspectSupport.invokeWithinTransaction(TransactionAspectSupport.java:410)
	at org.springframework.transaction.interceptor.TransactionInterceptor.invoke(TransactionInterceptor.java:119)
	at org.springframework.aop.framework.ReflectiveMethodInvocation.proceed(ReflectiveMethodInvocation.java:184)
	at org.springframework.dao.support.PersistenceExceptionTranslationInterceptor.invoke(PersistenceExceptionTranslationInterceptor.java:137)
	at org.springframework.aop.framework.ReflectiveMethodInvocation.proceed(ReflectiveMethodInvocation.java:184)
	at org.springframework.data.repository.core.support.SurroundingTransactionDetectorMethodInterceptor.invoke(SurroundingTransactionDetectorMethodInterceptor.java:57)
	at org.springframework.aop.framework.ReflectiveMethodInvocation.proceed(ReflectiveMethodInvocation.java:184)
	at org.springframework.data.jpa.repository.support.CrudMethodMetadataPostProcessor$CrudMethodMetadataPopulatingMethodInterceptor.invoke(CrudMethodMetadataPostProcessor.java:164)
	at org.springframework.aop.framework.ReflectiveMethodInvocation.proceed(ReflectiveMethodInvocation.java:184)
	at org.springframework.aop.interceptor.ExposeInvocationInterceptor.invoke(ExposeInvocationInterceptor.java:97)
	at org.springframework.aop.framework.ReflectiveMethodInvocation.proceed(ReflectiveMethodInvocation.java:184)
	at org.springframework.aop.framework.JdkDynamicAopProxy.invoke(JdkDynamicAopProxy.java:244)
	at jdk.proxy2/jdk.proxy2.$Proxy144.save(Unknown Source)
	at com.binarfud.backend.security.SimpleAuthService.registerMerchant(SimpleAuthService.java:75)
	at com.binarfud.backend.controller.api.AuthController.registerMerchant(AuthController.java:96)
	at java.base/jdk.internal.reflect.NativeMethodAccessorImpl.invoke0(Native Method)
	at java.base/jdk.internal.reflect.NativeMethodAccessorImpl.invoke(NativeMethodAccessorImpl.java:77)
	at java.base/jdk.internal.reflect.DelegatingMethodAccessorImpl.invoke(DelegatingMethodAccessorImpl.java:43)
	at java.base/java.lang.reflect.Method.invoke(Method.java:568)
	at org.springframework.web.method.support.InvocableHandlerMethod.doInvoke(InvocableHandlerMethod.java:205)
	at org.springframework.web.method.support.InvocableHandlerMethod.invokeForRequest(InvocableHandlerMethod.java:150)
	at org.springframework.web.servlet.mvc.method.annotation.ServletInvocableHandlerMethod.invokeAndHandle(ServletInvocableHandlerMethod.java:118)
	at org.springframework.web.servlet.mvc.method.annotation.RequestMappingHandlerAdapter.invokeHandlerMethod(RequestMappingHandlerAdapter.java:884)
	at org.springframework.web.servlet.mvc.method.annotation.RequestMappingHandlerAdapter.handleInternal(RequestMappingHandlerAdapter.java:797)
	at org.springframework.web.servlet.mvc.method.AbstractHandlerMethodAdapter.handle(AbstractHandlerMethodAdapter.java:87)
	at org.springframework.web.servlet.DispatcherServlet.doDispatch(DispatcherServlet.java:1081)
	at org.springframework.web.servlet.DispatcherServlet.doService(DispatcherServlet.java:974)
	at org.springframework.web.servlet.FrameworkServlet.processRequest(FrameworkServlet.java:1011)
	at org.springframework.web.servlet.FrameworkServlet.doPost(FrameworkServlet.java:914)
	at jakarta.servlet.http.HttpServlet.service(HttpServlet.java:590)
	at org.springframework.web.servlet.FrameworkServlet.service(FrameworkServlet.java:885)
	at jakarta.servlet.http.HttpServlet.service(HttpServlet.java:658)
	at org.apache.catalina.core.ApplicationFilterChain.internalDoFilter(ApplicationFilterChain.java:205)
	at org.apache.catalina.core.ApplicationFilterChain.doFilter(ApplicationFilterChain.java:149)
	at org.apache.tomcat.websocket.server.WsFilter.doFilter(WsFilter.java:51)
	at org.apache.catalina.core.ApplicationFilterChain.internalDoFilter(ApplicationFilterChain.java:174)
	at org.apache.catalina.core.ApplicationFilterChain.doFilter(ApplicationFilterChain.java:149)
	at org.springframework.web.filter.OncePerRequestFilter.doFilter(OncePerRequestFilter.java:110)
	at org.apache.catalina.core.ApplicationFilterChain.internalDoFilter(ApplicationFilterChain.java:174)
	at org.apache.catalina.core.ApplicationFilterChain.doFilter(ApplicationFilterChain.java:149)
	at org.springframework.security.web.FilterChainProxy.lambda$doFilterInternal$3(FilterChainProxy.java:231)
	at org.springframework.security.web.FilterChainProxy$VirtualFilterChain.doFilter(FilterChainProxy.java:365)
	at org.springframework.security.web.access.intercept.AuthorizationFilter.doFilter(AuthorizationFilter.java:100)
	at org.springframework.security.web.FilterChainProxy$VirtualFilterChain.doFilter(FilterChainProxy.java:374)
	at org.springframework.security.web.access.ExceptionTranslationFilter.doFilter(ExceptionTranslationFilter.java:126)
	at org.springframework.security.web.access.ExceptionTranslationFilter.doFilter(ExceptionTranslationFilter.java:120)
	at org.springframework.security.web.FilterChainProxy$VirtualFilterChain.doFilter(FilterChainProxy.java:374)
	at org.springframework.security.web.session.SessionManagementFilter.doFilter(SessionManagementFilter.java:131)
	at org.springframework.security.web.session.SessionManagementFilter.doFilter(SessionManagementFilter.java:85)
	at org.springframework.security.web.FilterChainProxy$VirtualFilterChain.doFilter(FilterChainProxy.java:374)
	at org.springframework.security.web.authentication.AnonymousAuthenticationFilter.doFilter(AnonymousAuthenticationFilter.java:100)
	at org.springframework.security.web.FilterChainProxy$VirtualFilterChain.doFilter(FilterChainProxy.java:374)
	at org.springframework.security.web.servletapi.SecurityContextHolderAwareRequestFilter.doFilter(SecurityContextHolderAwareRequestFilter.java:179)
	at org.springframework.security.web.FilterChainProxy$VirtualFilterChain.doFilter(FilterChainProxy.java:374)
	at org.springframework.security.web.savedrequest.RequestCacheAwareFilter.doFilter(RequestCacheAwareFilter.java:63)
	at org.springframework.security.web.FilterChainProxy$VirtualFilterChain.doFilter(FilterChainProxy.java:374)
	at com.binarfud.backend.security.JwtAuthenticationFilter.doFilterInternal(JwtAuthenticationFilter.java:36)
	at org.springframework.web.filter.OncePerRequestFilter.doFilter(OncePerRequestFilter.java:116)
	at org.springframework.security.web.FilterChainProxy$VirtualFilterChain.doFilter(FilterChainProxy.java:374)
	at org.springframework.security.web.authentication.logout.LogoutFilter.doFilter(LogoutFilter.java:107)
	at org.springframework.security.web.authentication.logout.LogoutFilter.doFilter(LogoutFilter.java:93)
	at org.springframework.security.web.FilterChainProxy$VirtualFilterChain.doFilter(FilterChainProxy.java:374)
	at org.springframework.security.web.header.HeaderWriterFilter.doHeadersAfter(HeaderWriterFilter.java:90)
	at org.springframework.security.web.header.HeaderWriterFilter.doFilterInternal(HeaderWriterFilter.java:75)
	at org.springframework.web.filter.OncePerRequestFilter.doFilter(OncePerRequestFilter.java:116)
	at org.springframework.security.web.FilterChainProxy$VirtualFilterChain.doFilter(FilterChainProxy.java:374)
	at org.springframework.security.web.context.SecurityContextHolderFilter.doFilter(SecurityContextHolderFilter.java:82)
	at org.springframework.security.web.context.SecurityContextHolderFilter.doFilter(SecurityContextHolderFilter.java:69)
	at org.springframework.security.web.FilterChainProxy$VirtualFilterChain.doFilter(FilterChainProxy.java:374)
	at org.springframework.security.web.context.request.async.WebAsyncManagerIntegrationFilter.doFilterInternal(WebAsyncManagerIntegrationFilter.java:62)
	at org.springframework.web.filter.OncePerRequestFilter.doFilter(OncePerRequestFilter.java:116)
	at org.springframework.security.web.FilterChainProxy$VirtualFilterChain.doFilter(FilterChainProxy.java:374)
	at org.springframework.security.web.session.DisableEncodeUrlFilter.doFilterInternal(DisableEncodeUrlFilter.java:42)
	at org.springframework.web.filter.OncePerRequestFilter.doFilter(OncePerRequestFilter.java:116)
	at org.springframework.security.web.FilterChainProxy$VirtualFilterChain.doFilter(FilterChainProxy.java:374)
	at org.springframework.security.web.FilterChainProxy.doFilterInternal(FilterChainProxy.java:233)
	at org.springframework.security.web.FilterChainProxy.doFilter(FilterChainProxy.java:191)
	at org.springframework.web.filter.DelegatingFilterProxy.invokeDelegate(DelegatingFilterProxy.java:352)
	at org.springframework.web.filter.DelegatingFilterProxy.doFilter(DelegatingFilterProxy.java:268)
	at org.apache.catalina.core.ApplicationFilterChain.internalDoFilter(ApplicationFilterChain.java:174)
	at org.apache.catalina.core.ApplicationFilterChain.doFilter(ApplicationFilterChain.java:149)
	at org.springframework.web.filter.RequestContextFilter.doFilterInternal(RequestContextFilter.java:100)
	at org.springframework.web.filter.OncePerRequestFilter.doFilter(OncePerRequestFilter.java:116)
	at org.apache.catalina.core.ApplicationFilterChain.internalDoFilter(ApplicationFilterChain.java:174)
	at org.apache.catalina.core.ApplicationFilterChain.doFilter(ApplicationFilterChain.java:149)
	at org.springframework.web.filter.FormContentFilter.doFilterInternal(FormContentFilter.java:93)
	at org.springframework.web.filter.OncePerRequestFilter.doFilter(OncePerRequestFilter.java:116)
	at org.apache.catalina.core.ApplicationFilterChain.internalDoFilter(ApplicationFilterChain.java:174)
	at org.apache.catalina.core.ApplicationFilterChain.doFilter(ApplicationFilterChain.java:149)
	at org.springframework.web.filter.CharacterEncodingFilter.doFilterInternal(CharacterEncodingFilter.java:201)
	at org.springframework.web.filter.OncePerRequestFilter.doFilter(OncePerRequestFilter.java:116)
	at org.apache.catalina.core.ApplicationFilterChain.internalDoFilter(ApplicationFilterChain.java:174)
	at org.apache.catalina.core.ApplicationFilterChain.doFilter(ApplicationFilterChain.java:149)
	at org.apache.catalina.core.StandardWrapperValve.invoke(StandardWrapperValve.java:167)
	at org.apache.catalina.core.StandardContextValve.invoke(StandardContextValve.java:90)
	at org.apache.catalina.authenticator.AuthenticatorBase.invoke(AuthenticatorBase.java:482)
	at org.apache.catalina.core.StandardHostValve.invoke(StandardHostValve.java:115)
	at org.apache.catalina.valves.ErrorReportValve.invoke(ErrorReportValve.java:93)
	at org.apache.catalina.core.StandardEngineValve.invoke(StandardEngineValve.java:74)
	at org.apache.catalina.connector.CoyoteAdapter.service(CoyoteAdapter.java:341)
	at org.apache.coyote.http11.Http11Processor.service(Http11Processor.java:391)
	at org.apache.coyote.AbstractProcessorLight.process(AbstractProcessorLight.java:63)
	at org.apache.coyote.AbstractProtocol$ConnectionHandler.process(AbstractProtocol.java:894)
	at org.apache.tomcat.util.net.NioEndpoint$SocketProcessor.doRun(NioEndpoint.java:1740)
	at org.apache.tomcat.util.net.SocketProcessorBase.run(SocketProcessorBase.java:52)
	at org.apache.tomcat.util.threads.ThreadPoolExecutor.runWorker(ThreadPoolExecutor.java:1191)
	at org.apache.tomcat.util.threads.ThreadPoolExecutor$Worker.run(ThreadPoolExecutor.java:659)
	at org.apache.tomcat.util.threads.TaskThread$WrappingRunnable.run(TaskThread.java:61)
	at java.base/java.lang.Thread.run(Thread.java:833)
2023-11-22 21:35:08,783 INFO o.s.o.j.AbstractEntityManagerFactoryBean [SpringApplicationShutdownHook] Closing JPA EntityManagerFactory for persistence unit 'default'
2023-11-22 21:35:08,787 INFO c.z.h.HikariDataSource [SpringApplicationShutdownHook] HikariPool-1 - Shutdown initiated...
2023-11-22 21:35:08,802 INFO c.z.h.HikariDataSource [SpringApplicationShutdownHook] HikariPool-1 - Shutdown completed.
