2023-11-10 18:48:49,073 INFO o.h.v.i.u.Version [background-preinit] HV000001: Hibernate Validator 8.0.1.Final
2023-11-10 18:48:49,178 INFO o.s.b.StartupInfoLogger [main] Starting BinarfudBackendApplication using Java 17.0.5 with PID 11680 (D:\Projects\BinarFud\binarfud-backend\target\classes started by WIN-10 in D:\Projects\BinarFud\binarfud-backend)
2023-11-10 18:48:49,180 INFO o.s.b.SpringApplication [main] No active profile set, falling back to 1 default profile: "default"
2023-11-10 18:48:50,862 INFO o.s.d.r.c.RepositoryConfigurationDelegate [main] Bootstrapping Spring Data JPA repositories in DEFAULT mode.
2023-11-10 18:48:50,980 INFO o.s.d.r.c.RepositoryConfigurationDelegate [main] Finished Spring Data repository scanning in 94 ms. Found 5 JPA repository interfaces.
2023-11-10 18:48:52,629 INFO o.s.b.w.e.t.TomcatWebServer [main] Tomcat initialized with port(s): 8080 (http)
2023-11-10 18:48:52,649 INFO o.a.j.l.DirectJDKLog [main] Initializing ProtocolHandler ["http-nio-8080"]
2023-11-10 18:48:52,654 INFO o.a.j.l.DirectJDKLog [main] Starting service [Tomcat]
2023-11-10 18:48:52,654 INFO o.a.j.l.DirectJDKLog [main] Starting Servlet engine: [Apache Tomcat/10.1.13]
2023-11-10 18:48:52,865 INFO o.a.j.l.DirectJDKLog [main] Initializing Spring embedded WebApplicationContext
2023-11-10 18:48:52,865 INFO o.s.b.w.s.c.ServletWebServerApplicationContext [main] Root WebApplicationContext: initialization completed in 3583 ms
2023-11-10 18:48:53,427 INFO o.h.j.i.u.LogHelper [main] HHH000204: Processing PersistenceUnitInfo [name: default]
2023-11-10 18:48:53,584 INFO o.h.Version [main] HHH000412: Hibernate ORM core version 6.2.9.Final
2023-11-10 18:48:53,584 INFO o.h.c.Environment [main] HHH000406: Using bytecode reflection optimizer
2023-11-10 18:48:54,798 INFO o.h.b.i.BytecodeProviderInitiator [main] HHH000021: Bytecode provider name : bytebuddy
2023-11-10 18:48:56,079 INFO o.s.o.j.p.SpringPersistenceUnitInfo [main] No LoadTimeWeaver setup: ignoring JPA class transformer
2023-11-10 18:48:56,100 INFO c.z.h.HikariDataSource [main] HikariPool-1 - Starting...
2023-11-10 18:48:56,389 INFO c.z.h.p.HikariPool [main] HikariPool-1 - Added connection org.postgresql.jdbc.PgConnection@5e24592e
2023-11-10 18:48:56,389 INFO c.z.h.HikariDataSource [main] HikariPool-1 - Start completed.
2023-11-10 18:48:56,781 INFO o.h.b.i.BytecodeProviderInitiator [main] HHH000021: Bytecode provider name : bytebuddy
2023-11-10 18:48:58,082 INFO o.h.e.t.j.p.i.JtaPlatformInitiator [main] HHH000490: Using JtaPlatform implementation: [org.hibernate.engine.transaction.jta.platform.internal.NoJtaPlatform]
2023-11-10 18:48:58,261 INFO o.s.o.j.AbstractEntityManagerFactoryBean [main] Initialized JPA EntityManagerFactory for persistence unit 'default'
2023-11-10 18:48:59,163 INFO o.s.d.j.r.q.QueryEnhancerFactory [main] Hibernate is in classpath; If applicable, HQL parser will be used.
2023-11-10 18:48:59,406 WARN o.s.b.a.o.j.JpaBaseConfiguration$JpaWebConfiguration [main] spring.jpa.open-in-view is enabled by default. Therefore, database queries may be performed during view rendering. Explicitly configure spring.jpa.open-in-view to disable this warning
2023-11-10 18:49:01,057 INFO o.a.j.l.DirectJDKLog [main] Starting ProtocolHandler ["http-nio-8080"]
2023-11-10 18:49:02,157 INFO o.s.b.w.e.t.TomcatWebServer [main] Tomcat started on port(s): 8080 (http) with context path ''
2023-11-10 18:49:02,264 INFO o.s.b.StartupInfoLogger [main] Started BinarfudBackendApplication in 14.809 seconds (process running for 16.668)
2023-11-10 18:50:58,547 INFO o.a.j.l.DirectJDKLog [http-nio-8080-exec-1] Initializing Spring DispatcherServlet 'dispatcherServlet'
2023-11-10 18:50:58,547 INFO o.s.w.s.FrameworkServlet [http-nio-8080-exec-1] Initializing Servlet 'dispatcherServlet'
2023-11-10 18:50:58,547 INFO o.s.w.s.FrameworkServlet [http-nio-8080-exec-1] Completed initialization in 0 ms
2023-11-10 18:51:00,240 INFO o.s.a.AbstractOpenApiResource [http-nio-8080-exec-8] Init duration for springdoc-openapi is: 699 ms
2023-11-10 18:51:12,267 WARN c.i.h.c.a.u.FlexApplierUtil [http-nio-8080-exec-9] Flex related property justify-content: space-between is not supported yet.
2023-11-10 18:51:41,022 WARN c.i.h.c.a.u.FlexApplierUtil [http-nio-8080-exec-10] Flex related property justify-content: space-between is not supported yet.
2023-11-10 18:53:39,622 WARN c.i.h.c.a.u.FlexApplierUtil [http-nio-8080-exec-7] Flex related property justify-content: space-between is not supported yet.
2023-11-10 18:55:08,893 INFO o.s.o.j.AbstractEntityManagerFactoryBean [SpringApplicationShutdownHook] Closing JPA EntityManagerFactory for persistence unit 'default'
2023-11-10 18:55:08,903 INFO c.z.h.HikariDataSource [SpringApplicationShutdownHook] HikariPool-1 - Shutdown initiated...
2023-11-10 18:55:08,913 INFO c.z.h.HikariDataSource [SpringApplicationShutdownHook] HikariPool-1 - Shutdown completed.
2023-11-10 20:01:41,123 INFO o.h.v.i.u.Version [background-preinit] HV000001: Hibernate Validator 8.0.1.Final
2023-11-10 20:01:41,217 INFO o.s.b.StartupInfoLogger [main] Starting BinarfudBackendApplication using Java 17.0.5 with PID 10972 (D:\Projects\BinarFud\binarfud-backend\target\classes started by WIN-10 in D:\Projects\BinarFud\binarfud-backend)
2023-11-10 20:01:41,219 INFO o.s.b.SpringApplication [main] No active profile set, falling back to 1 default profile: "default"
2023-11-10 20:01:42,371 INFO o.s.d.r.c.RepositoryConfigurationDelegate [main] Bootstrapping Spring Data JPA repositories in DEFAULT mode.
2023-11-10 20:01:42,476 INFO o.s.d.r.c.RepositoryConfigurationDelegate [main] Finished Spring Data repository scanning in 96 ms. Found 5 JPA repository interfaces.
2023-11-10 20:01:43,514 INFO o.s.b.w.e.t.TomcatWebServer [main] Tomcat initialized with port(s): 8080 (http)
2023-11-10 20:01:43,533 INFO o.a.j.l.DirectJDKLog [main] Initializing ProtocolHandler ["http-nio-8080"]
2023-11-10 20:01:43,539 INFO o.a.j.l.DirectJDKLog [main] Starting service [Tomcat]
2023-11-10 20:01:43,540 INFO o.a.j.l.DirectJDKLog [main] Starting Servlet engine: [Apache Tomcat/10.1.13]
2023-11-10 20:01:43,788 INFO o.a.j.l.DirectJDKLog [main] Initializing Spring embedded WebApplicationContext
2023-11-10 20:01:43,790 INFO o.s.b.w.s.c.ServletWebServerApplicationContext [main] Root WebApplicationContext: initialization completed in 2467 ms
2023-11-10 20:01:44,013 INFO o.h.j.i.u.LogHelper [main] HHH000204: Processing PersistenceUnitInfo [name: default]
2023-11-10 20:01:44,173 INFO o.h.Version [main] HHH000412: Hibernate ORM core version 6.2.9.Final
2023-11-10 20:01:44,177 INFO o.h.c.Environment [main] HHH000406: Using bytecode reflection optimizer
2023-11-10 20:01:44,503 INFO o.h.b.i.BytecodeProviderInitiator [main] HHH000021: Bytecode provider name : bytebuddy
2023-11-10 20:01:44,755 INFO o.s.o.j.p.SpringPersistenceUnitInfo [main] No LoadTimeWeaver setup: ignoring JPA class transformer
2023-11-10 20:01:44,789 INFO c.z.h.HikariDataSource [main] HikariPool-1 - Starting...
2023-11-10 20:01:45,151 INFO c.z.h.p.HikariPool [main] HikariPool-1 - Added connection org.postgresql.jdbc.PgConnection@acb5508
2023-11-10 20:01:45,153 INFO c.z.h.HikariDataSource [main] HikariPool-1 - Start completed.
2023-11-10 20:01:45,610 INFO o.h.b.i.BytecodeProviderInitiator [main] HHH000021: Bytecode provider name : bytebuddy
2023-11-10 20:01:46,859 INFO o.h.e.t.j.p.i.JtaPlatformInitiator [main] HHH000490: Using JtaPlatform implementation: [org.hibernate.engine.transaction.jta.platform.internal.NoJtaPlatform]
2023-11-10 20:01:47,084 INFO o.s.o.j.AbstractEntityManagerFactoryBean [main] Initialized JPA EntityManagerFactory for persistence unit 'default'
2023-11-10 20:01:47,630 INFO o.s.d.j.r.q.QueryEnhancerFactory [main] Hibernate is in classpath; If applicable, HQL parser will be used.
2023-11-10 20:01:47,877 WARN o.s.b.a.o.j.JpaBaseConfiguration$JpaWebConfiguration [main] spring.jpa.open-in-view is enabled by default. Therefore, database queries may be performed during view rendering. Explicitly configure spring.jpa.open-in-view to disable this warning
2023-11-10 20:01:48,452 INFO o.a.j.l.DirectJDKLog [main] Starting ProtocolHandler ["http-nio-8080"]
2023-11-10 20:01:48,500 INFO o.s.b.w.e.t.TomcatWebServer [main] Tomcat started on port(s): 8080 (http) with context path ''
2023-11-10 20:01:48,518 INFO o.s.b.StartupInfoLogger [main] Started BinarfudBackendApplication in 8.134 seconds (process running for 8.742)
2023-11-10 20:02:10,746 INFO o.a.j.l.DirectJDKLog [http-nio-8080-exec-1] Initializing Spring DispatcherServlet 'dispatcherServlet'
2023-11-10 20:02:10,748 INFO o.s.w.s.FrameworkServlet [http-nio-8080-exec-1] Initializing Servlet 'dispatcherServlet'
2023-11-10 20:02:10,751 INFO o.s.w.s.FrameworkServlet [http-nio-8080-exec-1] Completed initialization in 3 ms
2023-11-10 20:02:11,882 INFO o.s.a.AbstractOpenApiResource [http-nio-8080-exec-3] Init duration for springdoc-openapi is: 597 ms
2023-11-10 20:15:38,727 INFO o.s.o.j.AbstractEntityManagerFactoryBean [SpringApplicationShutdownHook] Closing JPA EntityManagerFactory for persistence unit 'default'
2023-11-10 20:15:38,731 INFO c.z.h.HikariDataSource [SpringApplicationShutdownHook] HikariPool-1 - Shutdown initiated...
2023-11-10 20:15:38,736 INFO c.z.h.HikariDataSource [SpringApplicationShutdownHook] HikariPool-1 - Shutdown completed.
2023-11-10 20:16:18,962 INFO o.h.v.i.u.Version [background-preinit] HV000001: Hibernate Validator 8.0.1.Final
2023-11-10 20:16:19,056 INFO o.s.b.StartupInfoLogger [main] Starting BinarfudBackendApplication using Java 17.0.5 with PID 868 (D:\Projects\BinarFud\binarfud-backend\target\classes started by WIN-10 in D:\Projects\BinarFud\binarfud-backend)
2023-11-10 20:16:19,059 INFO o.s.b.SpringApplication [main] No active profile set, falling back to 1 default profile: "default"
2023-11-10 20:16:20,328 INFO o.s.d.r.c.RepositoryConfigurationDelegate [main] Bootstrapping Spring Data JPA repositories in DEFAULT mode.
2023-11-10 20:16:20,446 INFO o.s.d.r.c.RepositoryConfigurationDelegate [main] Finished Spring Data repository scanning in 107 ms. Found 5 JPA repository interfaces.
2023-11-10 20:16:21,487 INFO o.s.b.w.e.t.TomcatWebServer [main] Tomcat initialized with port(s): 8080 (http)
2023-11-10 20:16:21,498 INFO o.a.j.l.DirectJDKLog [main] Initializing ProtocolHandler ["http-nio-8080"]
2023-11-10 20:16:21,505 INFO o.a.j.l.DirectJDKLog [main] Starting service [Tomcat]
2023-11-10 20:16:21,506 INFO o.a.j.l.DirectJDKLog [main] Starting Servlet engine: [Apache Tomcat/10.1.13]
2023-11-10 20:16:21,698 INFO o.a.j.l.DirectJDKLog [main] Initializing Spring embedded WebApplicationContext
2023-11-10 20:16:21,700 INFO o.s.b.w.s.c.ServletWebServerApplicationContext [main] Root WebApplicationContext: initialization completed in 2524 ms
2023-11-10 20:16:21,922 INFO o.h.j.i.u.LogHelper [main] HHH000204: Processing PersistenceUnitInfo [name: default]
2023-11-10 20:16:22,000 INFO o.h.Version [main] HHH000412: Hibernate ORM core version 6.2.9.Final
2023-11-10 20:16:22,005 INFO o.h.c.Environment [main] HHH000406: Using bytecode reflection optimizer
2023-11-10 20:16:22,204 INFO o.h.b.i.BytecodeProviderInitiator [main] HHH000021: Bytecode provider name : bytebuddy
2023-11-10 20:16:22,420 INFO o.s.o.j.p.SpringPersistenceUnitInfo [main] No LoadTimeWeaver setup: ignoring JPA class transformer
2023-11-10 20:16:22,462 INFO c.z.h.HikariDataSource [main] HikariPool-1 - Starting...
2023-11-10 20:16:22,720 INFO c.z.h.p.HikariPool [main] HikariPool-1 - Added connection org.postgresql.jdbc.PgConnection@b94703b
2023-11-10 20:16:22,723 INFO c.z.h.HikariDataSource [main] HikariPool-1 - Start completed.
2023-11-10 20:16:23,140 INFO o.h.b.i.BytecodeProviderInitiator [main] HHH000021: Bytecode provider name : bytebuddy
2023-11-10 20:16:24,576 INFO o.h.e.t.j.p.i.JtaPlatformInitiator [main] HHH000490: Using JtaPlatform implementation: [org.hibernate.engine.transaction.jta.platform.internal.NoJtaPlatform]
2023-11-10 20:16:24,807 INFO o.s.o.j.AbstractEntityManagerFactoryBean [main] Initialized JPA EntityManagerFactory for persistence unit 'default'
2023-11-10 20:16:25,428 INFO o.s.d.j.r.q.QueryEnhancerFactory [main] Hibernate is in classpath; If applicable, HQL parser will be used.
2023-11-10 20:16:25,660 WARN o.s.b.a.o.j.JpaBaseConfiguration$JpaWebConfiguration [main] spring.jpa.open-in-view is enabled by default. Therefore, database queries may be performed during view rendering. Explicitly configure spring.jpa.open-in-view to disable this warning
2023-11-10 20:16:26,179 INFO o.a.j.l.DirectJDKLog [main] Starting ProtocolHandler ["http-nio-8080"]
2023-11-10 20:16:26,212 INFO o.s.b.w.e.t.TomcatWebServer [main] Tomcat started on port(s): 8080 (http) with context path ''
2023-11-10 20:16:26,226 INFO o.s.b.StartupInfoLogger [main] Started BinarfudBackendApplication in 7.937 seconds (process running for 8.571)
2023-11-10 20:23:34,746 INFO o.s.o.j.AbstractEntityManagerFactoryBean [SpringApplicationShutdownHook] Closing JPA EntityManagerFactory for persistence unit 'default'
2023-11-10 20:23:34,749 INFO c.z.h.HikariDataSource [SpringApplicationShutdownHook] HikariPool-1 - Shutdown initiated...
2023-11-10 20:23:34,753 INFO c.z.h.HikariDataSource [SpringApplicationShutdownHook] HikariPool-1 - Shutdown completed.
2023-11-10 20:23:43,744 INFO o.h.v.i.u.Version [background-preinit] HV000001: Hibernate Validator 8.0.1.Final
2023-11-10 20:23:43,813 INFO o.s.b.StartupInfoLogger [main] Starting BinarfudBackendApplication using Java 17.0.5 with PID 7368 (D:\Projects\BinarFud\binarfud-backend\target\classes started by WIN-10 in D:\Projects\BinarFud\binarfud-backend)
2023-11-10 20:23:43,815 INFO o.s.b.SpringApplication [main] No active profile set, falling back to 1 default profile: "default"
2023-11-10 20:23:44,795 INFO o.s.d.r.c.RepositoryConfigurationDelegate [main] Bootstrapping Spring Data JPA repositories in DEFAULT mode.
2023-11-10 20:23:44,911 INFO o.s.d.r.c.RepositoryConfigurationDelegate [main] Finished Spring Data repository scanning in 105 ms. Found 5 JPA repository interfaces.
2023-11-10 20:23:45,842 INFO o.s.b.w.e.t.TomcatWebServer [main] Tomcat initialized with port(s): 8080 (http)
2023-11-10 20:23:45,856 INFO o.a.j.l.DirectJDKLog [main] Initializing ProtocolHandler ["http-nio-8080"]
2023-11-10 20:23:45,863 INFO o.a.j.l.DirectJDKLog [main] Starting service [Tomcat]
2023-11-10 20:23:45,863 INFO o.a.j.l.DirectJDKLog [main] Starting Servlet engine: [Apache Tomcat/10.1.13]
2023-11-10 20:23:46,067 INFO o.a.j.l.DirectJDKLog [main] Initializing Spring embedded WebApplicationContext
2023-11-10 20:23:46,069 INFO o.s.b.w.s.c.ServletWebServerApplicationContext [main] Root WebApplicationContext: initialization completed in 2173 ms
2023-11-10 20:23:46,284 INFO o.h.j.i.u.LogHelper [main] HHH000204: Processing PersistenceUnitInfo [name: default]
2023-11-10 20:23:46,443 INFO o.h.Version [main] HHH000412: Hibernate ORM core version 6.2.9.Final
2023-11-10 20:23:46,447 INFO o.h.c.Environment [main] HHH000406: Using bytecode reflection optimizer
2023-11-10 20:23:46,739 INFO o.h.b.i.BytecodeProviderInitiator [main] HHH000021: Bytecode provider name : bytebuddy
2023-11-10 20:23:46,974 INFO o.s.o.j.p.SpringPersistenceUnitInfo [main] No LoadTimeWeaver setup: ignoring JPA class transformer
2023-11-10 20:23:47,334 INFO c.z.h.HikariDataSource [main] HikariPool-1 - Starting...
2023-11-10 20:23:47,791 INFO c.z.h.p.HikariPool [main] HikariPool-1 - Added connection org.postgresql.jdbc.PgConnection@e972ee1
2023-11-10 20:23:47,793 INFO c.z.h.HikariDataSource [main] HikariPool-1 - Start completed.
2023-11-10 20:23:48,193 INFO o.h.b.i.BytecodeProviderInitiator [main] HHH000021: Bytecode provider name : bytebuddy
2023-11-10 20:23:49,908 INFO o.h.e.t.j.p.i.JtaPlatformInitiator [main] HHH000490: Using JtaPlatform implementation: [org.hibernate.engine.transaction.jta.platform.internal.NoJtaPlatform]
2023-11-10 20:23:50,122 INFO o.s.o.j.AbstractEntityManagerFactoryBean [main] Initialized JPA EntityManagerFactory for persistence unit 'default'
2023-11-10 20:23:50,637 INFO o.s.d.j.r.q.QueryEnhancerFactory [main] Hibernate is in classpath; If applicable, HQL parser will be used.
2023-11-10 20:23:50,853 WARN o.s.b.a.o.j.JpaBaseConfiguration$JpaWebConfiguration [main] spring.jpa.open-in-view is enabled by default. Therefore, database queries may be performed during view rendering. Explicitly configure spring.jpa.open-in-view to disable this warning
2023-11-10 20:23:51,319 INFO o.a.j.l.DirectJDKLog [main] Starting ProtocolHandler ["http-nio-8080"]
2023-11-10 20:23:51,344 INFO o.s.b.w.e.t.TomcatWebServer [main] Tomcat started on port(s): 8080 (http) with context path ''
2023-11-10 20:23:51,357 INFO o.s.b.StartupInfoLogger [main] Started BinarfudBackendApplication in 8.916 seconds (process running for 9.438)
2023-11-10 20:25:57,594 INFO o.a.j.l.DirectJDKLog [http-nio-8080-exec-3] Initializing Spring DispatcherServlet 'dispatcherServlet'
2023-11-10 20:25:57,595 INFO o.s.w.s.FrameworkServlet [http-nio-8080-exec-3] Initializing Servlet 'dispatcherServlet'
2023-11-10 20:25:57,597 INFO o.s.w.s.FrameworkServlet [http-nio-8080-exec-3] Completed initialization in 1 ms
2023-11-10 20:26:08,265 INFO c.b.b.c.UserController [http-nio-8080-exec-2] CreateUserRequest(username=Alan Walker, emailAddress=alanwalker@gmail.com, password=888000)
2023-11-10 20:26:08,365 WARN o.h.e.j.s.SqlExceptionHelper [http-nio-8080-exec-2] SQL Error: 0, SQLState: 42883
2023-11-10 20:26:08,365 ERROR o.h.e.j.s.SqlExceptionHelper [http-nio-8080-exec-2] ERROR: procedure create_user(character varying, character varying, character varying, unknown) does not exist
  Hint: No procedure matches the given name and argument types. You might need to add explicit type casts.
  Position: 6
2023-11-10 20:26:08,370 WARN o.h.e.j.s.SqlExceptionHelper [http-nio-8080-exec-2] SQL Error: 0, SQLState: 42883
2023-11-10 20:26:08,371 ERROR o.h.e.j.s.SqlExceptionHelper [http-nio-8080-exec-2] ERROR: procedure create_user(character varying, character varying, character varying, unknown) does not exist
  Hint: No procedure matches the given name and argument types. You might need to add explicit type casts.
  Position: 6
2023-11-10 20:26:08,377 ERROR o.a.j.l.DirectJDKLog [http-nio-8080-exec-2] Servlet.service() for servlet [dispatcherServlet] in context with path [] threw exception [Request processing failed: org.springframework.dao.InvalidDataAccessResourceUsageException: Error calling CallableStatement.getMoreResults [ERROR: procedure create_user(character varying, character varying, character varying, unknown) does not exist
  Hint: No procedure matches the given name and argument types. You might need to add explicit type casts.
  Position: 6] [HikariProxyCallableStatement@454615512 wrapping call create_user('Alan Walker','alanwalker@gmail.com','888000',NULL)]; SQL [HikariProxyCallableStatement@454615512 wrapping call create_user('Alan Walker','alanwalker@gmail.com','888000',NULL)]] with root cause
org.postgresql.util.PSQLException: ERROR: procedure create_user(character varying, character varying, character varying, unknown) does not exist
  Hint: No procedure matches the given name and argument types. You might need to add explicit type casts.
  Position: 6
	at org.postgresql.core.v3.QueryExecutorImpl.receiveErrorResponse(QueryExecutorImpl.java:2713)
	at org.postgresql.core.v3.QueryExecutorImpl.processResults(QueryExecutorImpl.java:2401)
	at org.postgresql.core.v3.QueryExecutorImpl.execute(QueryExecutorImpl.java:368)
	at org.postgresql.jdbc.PgStatement.executeInternal(PgStatement.java:498)
	at org.postgresql.jdbc.PgStatement.execute(PgStatement.java:415)
	at org.postgresql.jdbc.PgPreparedStatement.executeWithFlags(PgPreparedStatement.java:190)
	at org.postgresql.jdbc.PgCallableStatement.executeWithFlags(PgCallableStatement.java:84)
	at org.postgresql.jdbc.PgPreparedStatement.execute(PgPreparedStatement.java:177)
	at com.zaxxer.hikari.pool.ProxyPreparedStatement.execute(ProxyPreparedStatement.java:44)
	at com.zaxxer.hikari.pool.HikariProxyCallableStatement.execute(HikariProxyCallableStatement.java)
	at org.hibernate.result.internal.OutputsImpl.executeStatement(OutputsImpl.java:69)
	at org.hibernate.procedure.internal.ProcedureOutputsImpl.<init>(ProcedureOutputsImpl.java:49)
	at org.hibernate.procedure.internal.ProcedureCallImpl.buildOutputs(ProcedureCallImpl.java:710)
	at org.hibernate.procedure.internal.ProcedureCallImpl.getOutputs(ProcedureCallImpl.java:594)
	at org.hibernate.procedure.internal.ProcedureCallImpl.outputs(ProcedureCallImpl.java:847)
	at org.hibernate.procedure.internal.ProcedureCallImpl.execute(ProcedureCallImpl.java:831)
	at org.springframework.data.jpa.repository.query.JpaQueryExecution$ProcedureExecution.doExecute(JpaQueryExecution.java:345)
	at org.springframework.data.jpa.repository.query.JpaQueryExecution.execute(JpaQueryExecution.java:92)
	at org.springframework.data.jpa.repository.query.AbstractJpaQuery.doExecute(AbstractJpaQuery.java:148)
	at org.springframework.data.jpa.repository.query.AbstractJpaQuery.execute(AbstractJpaQuery.java:136)
	at org.springframework.data.repository.core.support.RepositoryMethodInvoker.doInvoke(RepositoryMethodInvoker.java:136)
	at org.springframework.data.repository.core.support.RepositoryMethodInvoker.invoke(RepositoryMethodInvoker.java:120)
	at org.springframework.data.repository.core.support.QueryExecutorMethodInterceptor.doInvoke(QueryExecutorMethodInterceptor.java:164)
	at org.springframework.data.repository.core.support.QueryExecutorMethodInterceptor.invoke(QueryExecutorMethodInterceptor.java:143)
	at org.springframework.aop.framework.ReflectiveMethodInvocation.proceed(ReflectiveMethodInvocation.java:184)
	at org.springframework.data.projection.DefaultMethodInvokingMethodInterceptor.invoke(DefaultMethodInvokingMethodInterceptor.java:72)
	at org.springframework.aop.framework.ReflectiveMethodInvocation.proceed(ReflectiveMethodInvocation.java:184)
	at org.springframework.transaction.interceptor.TransactionInterceptor$1.proceedWithInvocation(TransactionInterceptor.java:123)
	at org.springframework.transaction.interceptor.TransactionAspectSupport.invokeWithinTransaction(TransactionAspectSupport.java:391)
	at org.springframework.transaction.interceptor.TransactionInterceptor.invoke(TransactionInterceptor.java:119)
	at org.springframework.aop.framework.ReflectiveMethodInvocation.proceed(ReflectiveMethodInvocation.java:184)
	at org.springframework.dao.support.PersistenceExceptionTranslationInterceptor.invoke(PersistenceExceptionTranslationInterceptor.java:137)
	at org.springframework.aop.framework.ReflectiveMethodInvocation.proceed(ReflectiveMethodInvocation.java:184)
	at org.springframework.data.repository.core.support.SurroundingTransactionDetectorMethodInterceptor.invoke(SurroundingTransactionDetectorMethodInterceptor.java:57)
	at org.springframework.aop.framework.ReflectiveMethodInvocation.proceed(ReflectiveMethodInvocation.java:184)
	at org.springframework.data.jpa.repository.support.CrudMethodMetadataPostProcessor$CrudMethodMetadataPopulatingMethodInterceptor.invoke(CrudMethodMetadataPostProcessor.java:135)
	at org.springframework.aop.framework.ReflectiveMethodInvocation.proceed(ReflectiveMethodInvocation.java:184)
	at org.springframework.aop.interceptor.ExposeInvocationInterceptor.invoke(ExposeInvocationInterceptor.java:97)
	at org.springframework.aop.framework.ReflectiveMethodInvocation.proceed(ReflectiveMethodInvocation.java:184)
	at org.springframework.aop.framework.JdkDynamicAopProxy.invoke(JdkDynamicAopProxy.java:244)
	at jdk.proxy2/jdk.proxy2.$Proxy144.createUser(Unknown Source)
	at com.binarfud.backend.service.implementation.SimpleUserService.createUser(SimpleUserService.java:28)
	at com.binarfud.backend.controller.AuthController.createUser(UserController.java:46)
	at java.base/jdk.internal.reflect.NativeMethodAccessorImpl.invoke0(Native Method)
	at java.base/jdk.internal.reflect.NativeMethodAccessorImpl.invoke(NativeMethodAccessorImpl.java:77)
	at java.base/jdk.internal.reflect.DelegatingMethodAccessorImpl.invoke(DelegatingMethodAccessorImpl.java:43)
	at java.base/java.lang.reflect.Method.invoke(Method.java:568)
	at org.springframework.web.method.support.InvocableHandlerMethod.doInvoke(InvocableHandlerMethod.java:205)
	at org.springframework.web.method.support.InvocableHandlerMethod.invokeForRequest(InvocableHandlerMethod.java:150)
	at org.springframework.web.servlet.mvc.method.annotation.ServletInvocableHandlerMethod.invokeAndHandle(ServletInvocableHandlerMethod.java:118)
	at org.springframework.web.servlet.mvc.method.annotation.RequestMappingHandlerAdapter.invokeHandlerMethod(RequestMappingHandlerAdapter.java:884)
	at org.springframework.web.servlet.mvc.method.annotation.RequestMappingHandlerAdapter.handleInternal(RequestMappingHandlerAdapter.java:797)
	at org.springframework.web.servlet.mvc.method.AbstractHandlerMethodAdapter.handle(AbstractHandlerMethodAdapter.java:87)
	at org.springframework.web.servlet.DispatcherServlet.doDispatch(DispatcherServlet.java:1081)
	at org.springframework.web.servlet.DispatcherServlet.doService(DispatcherServlet.java:974)
	at org.springframework.web.servlet.FrameworkServlet.processRequest(FrameworkServlet.java:1011)
	at org.springframework.web.servlet.FrameworkServlet.doPost(FrameworkServlet.java:914)
	at jakarta.servlet.http.HttpServlet.service(HttpServlet.java:590)
	at org.springframework.web.servlet.FrameworkServlet.service(FrameworkServlet.java:885)
	at jakarta.servlet.http.HttpServlet.service(HttpServlet.java:658)
	at org.apache.catalina.core.ApplicationFilterChain.internalDoFilter(ApplicationFilterChain.java:205)
	at org.apache.catalina.core.ApplicationFilterChain.doFilter(ApplicationFilterChain.java:149)
	at org.apache.tomcat.websocket.server.WsFilter.doFilter(WsFilter.java:51)
	at org.apache.catalina.core.ApplicationFilterChain.internalDoFilter(ApplicationFilterChain.java:174)
	at org.apache.catalina.core.ApplicationFilterChain.doFilter(ApplicationFilterChain.java:149)
	at org.springframework.web.filter.RequestContextFilter.doFilterInternal(RequestContextFilter.java:100)
	at org.springframework.web.filter.OncePerRequestFilter.doFilter(OncePerRequestFilter.java:116)
	at org.apache.catalina.core.ApplicationFilterChain.internalDoFilter(ApplicationFilterChain.java:174)
	at org.apache.catalina.core.ApplicationFilterChain.doFilter(ApplicationFilterChain.java:149)
	at org.springframework.web.filter.FormContentFilter.doFilterInternal(FormContentFilter.java:93)
	at org.springframework.web.filter.OncePerRequestFilter.doFilter(OncePerRequestFilter.java:116)
	at org.apache.catalina.core.ApplicationFilterChain.internalDoFilter(ApplicationFilterChain.java:174)
	at org.apache.catalina.core.ApplicationFilterChain.doFilter(ApplicationFilterChain.java:149)
	at org.springframework.web.filter.CharacterEncodingFilter.doFilterInternal(CharacterEncodingFilter.java:201)
	at org.springframework.web.filter.OncePerRequestFilter.doFilter(OncePerRequestFilter.java:116)
	at org.apache.catalina.core.ApplicationFilterChain.internalDoFilter(ApplicationFilterChain.java:174)
	at org.apache.catalina.core.ApplicationFilterChain.doFilter(ApplicationFilterChain.java:149)
	at org.apache.catalina.core.StandardWrapperValve.invoke(StandardWrapperValve.java:167)
	at org.apache.catalina.core.StandardContextValve.invoke(StandardContextValve.java:90)
	at org.apache.catalina.authenticator.AuthenticatorBase.invoke(AuthenticatorBase.java:482)
	at org.apache.catalina.core.StandardHostValve.invoke(StandardHostValve.java:115)
	at org.apache.catalina.valves.ErrorReportValve.invoke(ErrorReportValve.java:93)
	at org.apache.catalina.core.StandardEngineValve.invoke(StandardEngineValve.java:74)
	at org.apache.catalina.connector.CoyoteAdapter.service(CoyoteAdapter.java:341)
	at org.apache.coyote.http11.Http11Processor.service(Http11Processor.java:391)
	at org.apache.coyote.AbstractProcessorLight.process(AbstractProcessorLight.java:63)
	at org.apache.coyote.AbstractProtocol$ConnectionHandler.process(AbstractProtocol.java:894)
	at org.apache.tomcat.util.net.NioEndpoint$SocketProcessor.doRun(NioEndpoint.java:1740)
	at org.apache.tomcat.util.net.SocketProcessorBase.run(SocketProcessorBase.java:52)
	at org.apache.tomcat.util.threads.ThreadPoolExecutor.runWorker(ThreadPoolExecutor.java:1191)
	at org.apache.tomcat.util.threads.ThreadPoolExecutor$Worker.run(ThreadPoolExecutor.java:659)
	at org.apache.tomcat.util.threads.TaskThread$WrappingRunnable.run(TaskThread.java:61)
	at java.base/java.lang.Thread.run(Thread.java:833)
